2019-05-10 21:21:26,749 INFO (StartupInfoLogger.java:50)- Starting Demo2Application on DESKTOP-HAACL4P with PID 12580 (started by 李亚峰 in C:\Users\李亚峰\Desktop\demo3)
2019-05-10 21:21:26,767 DEBUG (StartupInfoLogger.java:53)- Running with Spring Boot v2.1.3.RELEASE, Spring v5.1.5.RELEASE
2019-05-10 21:21:26,769 INFO (SpringApplication.java:675)- No active profile set, falling back to default profiles: default
2019-05-10 21:21:40,738 INFO (StartupInfoLogger.java:59)- Started Demo2Application in 14.938 seconds (JVM running for 16.868)
2019-05-10 21:22:35,520 DEBUG (BaseJdbcLogger.java:159)- ==>  Preparing: select * from user where username = ? and password = ? 
2019-05-10 21:22:35,582 DEBUG (BaseJdbcLogger.java:159)- ==> Parameters: admin(String), 123456(String)
2019-05-10 21:22:35,863 DEBUG (BaseJdbcLogger.java:159)- <==      Total: 1
2019-05-10 21:22:35,883 DEBUG (BaseJdbcLogger.java:159)- ==>  Preparing: select * from user where username = ? 
2019-05-10 21:22:35,884 DEBUG (BaseJdbcLogger.java:159)- ==> Parameters: admin(String)
2019-05-10 21:22:35,885 DEBUG (BaseJdbcLogger.java:159)- <==      Total: 1
2019-05-10 21:22:37,382 DEBUG (BaseJdbcLogger.java:159)- ==>  Preparing: select * from auth where role = ? 
2019-05-10 21:22:37,386 DEBUG (BaseJdbcLogger.java:159)- ==> Parameters: 系统管理员(String)
2019-05-10 21:22:37,481 DEBUG (BaseJdbcLogger.java:159)- <==      Total: 0
2019-05-10 21:22:40,774 DEBUG (BaseJdbcLogger.java:159)- ==>  Preparing: select * from wuzi where 1=1 
2019-05-10 21:22:40,774 DEBUG (BaseJdbcLogger.java:159)- ==> Parameters: 
2019-05-10 21:22:40,809 DEBUG (BaseJdbcLogger.java:159)- <==      Total: 6
2019-05-10 21:23:02,823 DEBUG (BaseJdbcLogger.java:159)- ==>  Preparing: select * from auth where role = ? 
2019-05-10 21:23:02,823 DEBUG (BaseJdbcLogger.java:159)- ==> Parameters: 系统管理员(String)
2019-05-10 21:23:02,823 DEBUG (BaseJdbcLogger.java:159)- <==      Total: 0
2019-05-10 21:25:20,686 DEBUG (BaseJdbcLogger.java:159)- ==>  Preparing: select * from auth where role = ? 
2019-05-10 21:25:20,702 DEBUG (BaseJdbcLogger.java:159)- ==> Parameters: 系统管理员(String)
2019-05-10 21:25:20,708 DEBUG (BaseJdbcLogger.java:159)- <==      Total: 0
2019-05-10 21:25:32,150 DEBUG (BaseJdbcLogger.java:159)- ==>  Preparing: select * from wuzi where 1=1 
2019-05-10 21:25:32,153 DEBUG (BaseJdbcLogger.java:159)- ==> Parameters: 
2019-05-10 21:25:32,158 DEBUG (BaseJdbcLogger.java:159)- <==      Total: 6
2019-05-10 21:26:11,055 DEBUG (BaseJdbcLogger.java:159)- ==>  Preparing: select * from auth where role = ? 
2019-05-10 21:26:11,057 DEBUG (BaseJdbcLogger.java:159)- ==> Parameters: 系统管理员(String)
2019-05-10 21:26:11,062 DEBUG (BaseJdbcLogger.java:159)- <==      Total: 0
2019-05-10 21:26:18,050 DEBUG (BaseJdbcLogger.java:159)- ==>  Preparing: select * from auth where role = ? 
2019-05-10 21:26:18,052 DEBUG (BaseJdbcLogger.java:159)- ==> Parameters: 系统管理员(String)
2019-05-10 21:26:18,053 DEBUG (BaseJdbcLogger.java:159)- <==      Total: 0
2019-05-10 21:30:27,624 INFO (StartupInfoLogger.java:50)- Starting Demo2Application on DESKTOP-HAACL4P with PID 5760 (started by 李亚峰 in C:\Users\李亚峰\Desktop\demo3)
2019-05-10 21:30:27,624 DEBUG (StartupInfoLogger.java:53)- Running with Spring Boot v2.1.3.RELEASE, Spring v5.1.5.RELEASE
2019-05-10 21:30:27,624 INFO (SpringApplication.java:675)- No active profile set, falling back to default profiles: default
2019-05-10 21:30:35,074 INFO (StartupInfoLogger.java:59)- Started Demo2Application in 8.056 seconds (JVM running for 9.213)
2019-05-10 21:31:33,303 INFO (StartupInfoLogger.java:50)- Starting Demo2Application on DESKTOP-HAACL4P with PID 8680 (started by 李亚峰 in C:\Users\李亚峰\Desktop\demo3)
2019-05-10 21:31:33,303 DEBUG (StartupInfoLogger.java:53)- Running with Spring Boot v2.1.3.RELEASE, Spring v5.1.5.RELEASE
2019-05-10 21:31:33,303 INFO (SpringApplication.java:675)- No active profile set, falling back to default profiles: default
2019-05-10 21:31:41,204 INFO (StartupInfoLogger.java:59)- Started Demo2Application in 8.526 seconds (JVM running for 9.804)
2019-05-10 21:33:17,148 INFO (StartupInfoLogger.java:50)- Starting Demo2Application on DESKTOP-HAACL4P with PID 19580 (started by 李亚峰 in C:\Users\李亚峰\Desktop\demo3)
2019-05-10 21:33:17,163 DEBUG (StartupInfoLogger.java:53)- Running with Spring Boot v2.1.3.RELEASE, Spring v5.1.5.RELEASE
2019-05-10 21:33:17,163 INFO (SpringApplication.java:675)- No active profile set, falling back to default profiles: default
2019-05-10 21:33:24,730 INFO (StartupInfoLogger.java:59)- Started Demo2Application in 8.238 seconds (JVM running for 9.477)
2019-05-10 21:36:20,737 INFO (StartupInfoLogger.java:50)- Starting Demo2Application on DESKTOP-HAACL4P with PID 17916 (started by 李亚峰 in C:\Users\李亚峰\Desktop\demo3)
2019-05-10 21:36:20,737 DEBUG (StartupInfoLogger.java:53)- Running with Spring Boot v2.1.3.RELEASE, Spring v5.1.5.RELEASE
2019-05-10 21:36:20,753 INFO (SpringApplication.java:675)- No active profile set, falling back to default profiles: default
2019-05-10 21:36:29,075 INFO (StartupInfoLogger.java:59)- Started Demo2Application in 8.978 seconds (JVM running for 10.023)
2019-05-10 21:36:51,507 INFO (StartupInfoLogger.java:50)- Starting Demo2Application on DESKTOP-HAACL4P with PID 17916 (started by 李亚峰 in C:\Users\李亚峰\Desktop\demo3)
2019-05-10 21:36:51,507 DEBUG (StartupInfoLogger.java:53)- Running with Spring Boot v2.1.3.RELEASE, Spring v5.1.5.RELEASE
2019-05-10 21:36:51,507 INFO (SpringApplication.java:675)- No active profile set, falling back to default profiles: default
2019-05-10 21:37:14,853 INFO (StartupInfoLogger.java:50)- Starting Demo2Application on DESKTOP-HAACL4P with PID 1820 (started by 李亚峰 in C:\Users\李亚峰\Desktop\demo3)
2019-05-10 21:37:14,869 DEBUG (StartupInfoLogger.java:53)- Running with Spring Boot v2.1.3.RELEASE, Spring v5.1.5.RELEASE
2019-05-10 21:37:14,869 INFO (SpringApplication.java:675)- No active profile set, falling back to default profiles: default
2019-05-10 21:37:22,509 INFO (StartupInfoLogger.java:59)- Started Demo2Application in 8.271 seconds (JVM running for 9.825)
2019-05-10 21:37:37,179 INFO (StartupInfoLogger.java:50)- Starting Demo2Application on DESKTOP-HAACL4P with PID 1820 (started by 李亚峰 in C:\Users\李亚峰\Desktop\demo3)
2019-05-10 21:37:37,179 DEBUG (StartupInfoLogger.java:53)- Running with Spring Boot v2.1.3.RELEASE, Spring v5.1.5.RELEASE
2019-05-10 21:37:37,179 INFO (SpringApplication.java:675)- No active profile set, falling back to default profiles: default
2019-05-10 21:39:57,679 INFO (StartupInfoLogger.java:50)- Starting Demo2Application on DESKTOP-HAACL4P with PID 21008 (started by 李亚峰 in C:\Users\李亚峰\Desktop\demo3)
2019-05-10 21:39:57,695 DEBUG (StartupInfoLogger.java:53)- Running with Spring Boot v2.1.3.RELEASE, Spring v5.1.5.RELEASE
2019-05-10 21:39:57,695 INFO (SpringApplication.java:675)- No active profile set, falling back to default profiles: default
2019-05-10 21:40:05,735 INFO (StartupInfoLogger.java:59)- Started Demo2Application in 8.68 seconds (JVM running for 9.693)
2019-05-10 21:43:31,463 INFO (StartupInfoLogger.java:50)- Starting Demo2Application on DESKTOP-HAACL4P with PID 9868 (started by 李亚峰 in C:\Users\李亚峰\Desktop\demo3)
2019-05-10 21:43:31,467 DEBUG (StartupInfoLogger.java:53)- Running with Spring Boot v2.1.3.RELEASE, Spring v5.1.5.RELEASE
2019-05-10 21:43:31,469 INFO (SpringApplication.java:675)- No active profile set, falling back to default profiles: default
2019-05-10 21:43:40,019 INFO (StartupInfoLogger.java:59)- Started Demo2Application in 9.568 seconds (JVM running for 11.267)
2019-05-10 21:44:45,504 INFO (StartupInfoLogger.java:50)- Starting Demo2Application on DESKTOP-HAACL4P with PID 22276 (started by 李亚峰 in C:\Users\李亚峰\Desktop\demo3)
2019-05-10 21:44:45,508 DEBUG (StartupInfoLogger.java:53)- Running with Spring Boot v2.1.3.RELEASE, Spring v5.1.5.RELEASE
2019-05-10 21:44:45,512 INFO (SpringApplication.java:675)- No active profile set, falling back to default profiles: default
2019-05-10 21:44:53,311 INFO (StartupInfoLogger.java:59)- Started Demo2Application in 8.429 seconds (JVM running for 9.509)
2019-05-10 21:45:10,849 DEBUG (BaseJdbcLogger.java:159)- ==>  Preparing: select * from user where username = ? and password = ? 
2019-05-10 21:45:10,893 DEBUG (BaseJdbcLogger.java:159)- ==> Parameters: admin(String), 123456(String)
2019-05-10 21:45:11,272 DEBUG (BaseJdbcLogger.java:159)- <==      Total: 1
2019-05-10 21:45:11,279 DEBUG (BaseJdbcLogger.java:159)- ==>  Preparing: select * from user where username = ? 
2019-05-10 21:45:11,280 DEBUG (BaseJdbcLogger.java:159)- ==> Parameters: admin(String)
2019-05-10 21:45:11,282 DEBUG (BaseJdbcLogger.java:159)- <==      Total: 1
2019-05-10 21:45:11,968 DEBUG (BaseJdbcLogger.java:159)- ==>  Preparing: select * from auth where role = ? 
2019-05-10 21:45:11,969 DEBUG (BaseJdbcLogger.java:159)- ==> Parameters: 系统管理员(String)
2019-05-10 21:45:11,984 DEBUG (BaseJdbcLogger.java:159)- ==>  Preparing: select * from gonggao 
2019-05-10 21:45:11,984 DEBUG (BaseJdbcLogger.java:159)- ==> Parameters: 
2019-05-10 21:45:12,001 DEBUG (BaseJdbcLogger.java:159)- <==      Total: 0
2019-05-10 21:45:12,069 DEBUG (BaseJdbcLogger.java:159)- <==      Total: 1
2019-05-10 21:45:23,881 DEBUG (BaseJdbcLogger.java:159)- ==>  Preparing: select * from jiesuan where 1=1 
2019-05-10 21:45:23,882 DEBUG (BaseJdbcLogger.java:159)- ==> Parameters: 
2019-05-10 21:45:24,016 DEBUG (BaseJdbcLogger.java:159)- <==      Total: 5
2019-05-10 21:46:34,803 DEBUG (BaseJdbcLogger.java:159)- ==>  Preparing: select * from role where 1=1 
2019-05-10 21:46:34,804 DEBUG (BaseJdbcLogger.java:159)- ==> Parameters: 
2019-05-10 21:46:34,808 DEBUG (BaseJdbcLogger.java:159)- <==      Total: 2
2019-05-10 21:47:54,293 DEBUG (BaseJdbcLogger.java:159)- ==>  Preparing: select * from huodong where 1=1 and status = ? and uid =? 
2019-05-10 21:47:54,295 DEBUG (BaseJdbcLogger.java:159)- ==> Parameters: 0(Integer), 1(Integer)
2019-05-10 21:47:54,352 DEBUG (BaseJdbcLogger.java:159)- <==      Total: 0
2019-05-10 21:47:54,716 DEBUG (BaseJdbcLogger.java:159)- ==>  Preparing: select * from huodong where 1=1 and status = ? and uid =? 
2019-05-10 21:47:54,717 DEBUG (BaseJdbcLogger.java:159)- ==> Parameters: 0(Integer), 1(Integer)
2019-05-10 21:47:54,719 DEBUG (BaseJdbcLogger.java:159)- <==      Total: 0
2019-05-10 21:48:05,425 DEBUG (BaseJdbcLogger.java:159)- ==>  Preparing: insert into huodong (name,status,uid,depart,role) values(?,0,?,?,?) 
2019-05-10 21:48:05,427 DEBUG (BaseJdbcLogger.java:159)- ==> Parameters: csc(String), 1(Integer), 系统部(String), 系统管理员(String)
2019-05-10 21:48:05,678 DEBUG (BaseJdbcLogger.java:159)- <==    Updates: 1
2019-05-10 21:48:05,751 DEBUG (BaseJdbcLogger.java:159)- ==>  Preparing: select * from huodong where 1=1 and status = ? and uid =? 
2019-05-10 21:48:05,752 DEBUG (BaseJdbcLogger.java:159)- ==> Parameters: 0(Integer), 1(Integer)
2019-05-10 21:48:05,755 DEBUG (BaseJdbcLogger.java:159)- <==      Total: 1
2019-05-10 21:48:11,853 DEBUG (BaseJdbcLogger.java:159)- ==>  Preparing: select * from auth where role = ? 
2019-05-10 21:48:11,856 DEBUG (BaseJdbcLogger.java:159)- ==> Parameters: 系统管理员(String)
2019-05-10 21:48:11,861 DEBUG (BaseJdbcLogger.java:159)- <==      Total: 0
2019-05-10 21:48:11,868 DEBUG (BaseJdbcLogger.java:159)- ==>  Preparing: select * from gonggao 
2019-05-10 21:48:11,871 DEBUG (BaseJdbcLogger.java:159)- ==> Parameters: 
2019-05-10 21:48:11,875 DEBUG (BaseJdbcLogger.java:159)- <==      Total: 1
2019-05-10 21:48:20,591 DEBUG (BaseJdbcLogger.java:159)- ==>  Preparing: select * from huodong where 1=1 and status = ? and uid =? 
2019-05-10 21:48:20,593 DEBUG (BaseJdbcLogger.java:159)- ==> Parameters: 0(Integer), 1(Integer)
2019-05-10 21:48:20,597 DEBUG (BaseJdbcLogger.java:159)- <==      Total: 1
2019-05-10 21:48:20,762 DEBUG (BaseJdbcLogger.java:159)- ==>  Preparing: select * from huodong where 1=1 and status = ? and uid =? 
2019-05-10 21:48:20,764 DEBUG (BaseJdbcLogger.java:159)- ==> Parameters: 0(Integer), 1(Integer)
2019-05-10 21:48:20,766 DEBUG (BaseJdbcLogger.java:159)- <==      Total: 1
2019-05-10 21:49:02,905 DEBUG (BaseJdbcLogger.java:159)- ==>  Preparing: select * from huodong where 1=1 and status = ? and uid =? 
2019-05-10 21:49:02,906 DEBUG (BaseJdbcLogger.java:159)- ==> Parameters: 0(Integer), 1(Integer)
2019-05-10 21:49:02,909 DEBUG (BaseJdbcLogger.java:159)- <==      Total: 1
2019-05-10 21:49:03,054 DEBUG (BaseJdbcLogger.java:159)- ==>  Preparing: select * from huodong where 1=1 and status = ? and uid =? 
2019-05-10 21:49:03,057 DEBUG (BaseJdbcLogger.java:159)- ==> Parameters: 0(Integer), 1(Integer)
2019-05-10 21:49:03,059 DEBUG (BaseJdbcLogger.java:159)- <==      Total: 1
2019-05-10 21:49:04,667 DEBUG (BaseJdbcLogger.java:159)- ==>  Preparing: select * from huodong where 1=1 and status = ? and uid =? 
2019-05-10 21:49:04,669 DEBUG (BaseJdbcLogger.java:159)- ==> Parameters: 1(Integer), 1(Integer)
2019-05-10 21:49:04,673 DEBUG (BaseJdbcLogger.java:159)- <==      Total: 0
2019-05-10 21:49:05,709 DEBUG (BaseJdbcLogger.java:159)- ==>  Preparing: select * from huodong where 1=1 and status = ? and uid =? 
2019-05-10 21:49:05,710 DEBUG (BaseJdbcLogger.java:159)- ==> Parameters: 0(Integer), 1(Integer)
2019-05-10 21:49:05,713 DEBUG (BaseJdbcLogger.java:159)- <==      Total: 1
2019-05-10 21:49:58,024 DEBUG (BaseJdbcLogger.java:159)- ==>  Preparing: select * from huodong where 1=1 and status = ? and uid =? 
2019-05-10 21:49:58,029 DEBUG (BaseJdbcLogger.java:159)- ==> Parameters: 0(Integer), 1(Integer)
2019-05-10 21:49:58,032 DEBUG (BaseJdbcLogger.java:159)- <==      Total: 1
2019-05-10 21:49:58,228 DEBUG (BaseJdbcLogger.java:159)- ==>  Preparing: select * from huodong where 1=1 and status = ? and uid =? 
2019-05-10 21:49:58,229 DEBUG (BaseJdbcLogger.java:159)- ==> Parameters: 0(Integer), 1(Integer)
2019-05-10 21:49:58,231 DEBUG (BaseJdbcLogger.java:159)- <==      Total: 1
2019-05-10 21:50:08,747 DEBUG (BaseJdbcLogger.java:159)- ==>  Preparing: select * from huodong where 1=1 and status = ? and uid =? 
2019-05-10 21:50:08,749 DEBUG (BaseJdbcLogger.java:159)- ==> Parameters: 0(Integer), 1(Integer)
2019-05-10 21:50:08,754 DEBUG (BaseJdbcLogger.java:159)- <==      Total: 1
2019-05-10 21:50:08,919 DEBUG (BaseJdbcLogger.java:159)- ==>  Preparing: select * from huodong where 1=1 and status = ? and uid =? 
2019-05-10 21:50:08,920 DEBUG (BaseJdbcLogger.java:159)- ==> Parameters: 0(Integer), 1(Integer)
2019-05-10 21:50:08,923 DEBUG (BaseJdbcLogger.java:159)- <==      Total: 1
2019-05-10 22:15:51,828 INFO (StartupInfoLogger.java:50)- Starting Demo2Application on DESKTOP-HAACL4P with PID 2728 (started by 李亚峰 in C:\Users\李亚峰\Desktop\demo3)
2019-05-10 22:15:51,831 DEBUG (StartupInfoLogger.java:53)- Running with Spring Boot v2.1.3.RELEASE, Spring v5.1.5.RELEASE
2019-05-10 22:15:51,832 INFO (SpringApplication.java:675)- No active profile set, falling back to default profiles: default
2019-05-10 22:16:01,250 INFO (StartupInfoLogger.java:59)- Started Demo2Application in 10.707 seconds (JVM running for 12.922)
2019-05-10 22:16:23,090 DEBUG (BaseJdbcLogger.java:159)- ==>  Preparing: select * from user where username = ? and password = ? 
2019-05-10 22:16:23,090 DEBUG (BaseJdbcLogger.java:159)- ==>  Preparing: select * from user where username = ? and password = ? 
2019-05-10 22:16:23,223 DEBUG (BaseJdbcLogger.java:159)- ==> Parameters: admin(String), 123456(String)
2019-05-10 22:16:23,223 DEBUG (BaseJdbcLogger.java:159)- ==> Parameters: admin(String), 123456(String)
2019-05-10 22:16:23,482 DEBUG (BaseJdbcLogger.java:159)- <==      Total: 1
2019-05-10 22:16:23,482 DEBUG (BaseJdbcLogger.java:159)- <==      Total: 1
2019-05-10 22:16:23,487 DEBUG (BaseJdbcLogger.java:159)- ==>  Preparing: select * from user where username = ? 
2019-05-10 22:16:23,487 DEBUG (BaseJdbcLogger.java:159)- ==>  Preparing: select * from user where username = ? 
2019-05-10 22:16:23,488 DEBUG (BaseJdbcLogger.java:159)- ==> Parameters: admin(String)
2019-05-10 22:16:23,488 DEBUG (BaseJdbcLogger.java:159)- ==> Parameters: admin(String)
2019-05-10 22:16:23,491 DEBUG (BaseJdbcLogger.java:159)- <==      Total: 1
2019-05-10 22:16:23,492 DEBUG (BaseJdbcLogger.java:159)- <==      Total: 1
2019-05-10 22:16:24,630 DEBUG (BaseJdbcLogger.java:159)- ==>  Preparing: select * from auth where role = ? 
2019-05-10 22:16:24,633 DEBUG (BaseJdbcLogger.java:159)- ==>  Preparing: select * from gonggao 
2019-05-10 22:16:24,634 DEBUG (BaseJdbcLogger.java:159)- ==> Parameters: 系统管理员(String)
2019-05-10 22:16:24,634 DEBUG (BaseJdbcLogger.java:159)- ==> Parameters: 
2019-05-10 22:16:24,672 DEBUG (BaseJdbcLogger.java:159)- <==      Total: 1
2019-05-10 22:16:24,691 DEBUG (BaseJdbcLogger.java:159)- <==      Total: 0
2019-05-10 22:17:03,030 DEBUG (BaseJdbcLogger.java:159)- ==>  Preparing: select * from auth where role = ? 
2019-05-10 22:17:03,030 DEBUG (BaseJdbcLogger.java:159)- ==> Parameters: 系统管理员(String)
2019-05-10 22:17:03,030 DEBUG (BaseJdbcLogger.java:159)- <==      Total: 0
2019-05-10 22:17:03,046 DEBUG (BaseJdbcLogger.java:159)- ==>  Preparing: select * from gonggao 
2019-05-10 22:17:03,046 DEBUG (BaseJdbcLogger.java:159)- ==> Parameters: 
2019-05-10 22:17:03,077 DEBUG (BaseJdbcLogger.java:159)- <==      Total: 1
2019-05-10 22:17:05,012 DEBUG (BaseJdbcLogger.java:159)- ==>  Preparing: select * from huodong where 1=1 and status = ? and uid =? 
2019-05-10 22:17:05,013 DEBUG (BaseJdbcLogger.java:159)- ==> Parameters: 0(Integer), 1(Integer)
2019-05-10 22:17:05,047 DEBUG (BaseJdbcLogger.java:159)- ==>  Preparing: select * from huodong where 1=1 and status = ? and uid =? 
2019-05-10 22:17:05,047 DEBUG (BaseJdbcLogger.java:159)- ==> Parameters: 0(Integer), 1(Integer)
2019-05-10 22:17:05,062 DEBUG (BaseJdbcLogger.java:159)- <==      Total: 1
2019-05-10 22:17:05,172 DEBUG (BaseJdbcLogger.java:159)- <==      Total: 1
2019-05-10 22:17:08,830 DEBUG (BaseJdbcLogger.java:159)- ==>  Preparing: select * from huodong where 1=1 and status = ? and uid =? 
2019-05-10 22:17:08,837 DEBUG (BaseJdbcLogger.java:159)- ==> Parameters: 1(Integer), 1(Integer)
2019-05-10 22:17:08,839 DEBUG (BaseJdbcLogger.java:159)- <==      Total: 0
2019-05-10 22:17:10,167 DEBUG (BaseJdbcLogger.java:159)- ==>  Preparing: select * from huodong where 1=1 and status = ? and uid =? 
2019-05-10 22:17:10,167 DEBUG (BaseJdbcLogger.java:159)- ==> Parameters: 2(Integer), 1(Integer)
2019-05-10 22:17:10,167 DEBUG (BaseJdbcLogger.java:159)- <==      Total: 0
2019-05-10 22:17:11,727 DEBUG (BaseJdbcLogger.java:159)- ==>  Preparing: select * from huodong where 1=1 and status = ? and uid =? 
2019-05-10 22:17:11,729 DEBUG (BaseJdbcLogger.java:159)- ==> Parameters: 0(Integer), 1(Integer)
2019-05-10 22:17:11,732 DEBUG (BaseJdbcLogger.java:159)- <==      Total: 1
2019-05-10 22:17:16,689 DEBUG (BaseJdbcLogger.java:159)- ==>  Preparing: update huodong set status = ? where id = ? 
2019-05-10 22:17:16,703 DEBUG (BaseJdbcLogger.java:159)- ==> Parameters: 1(Integer), 3(Integer)
2019-05-10 22:17:16,861 DEBUG (BaseJdbcLogger.java:159)- <==    Updates: 1
2019-05-10 22:17:18,079 DEBUG (BaseJdbcLogger.java:159)- ==>  Preparing: select * from huodong where 1=1 and status = ? and uid =? 
2019-05-10 22:17:18,079 DEBUG (BaseJdbcLogger.java:159)- ==> Parameters: 0(Integer), 1(Integer)
2019-05-10 22:17:18,084 DEBUG (BaseJdbcLogger.java:159)- <==      Total: 0
2019-05-10 22:17:19,408 DEBUG (BaseJdbcLogger.java:159)- ==>  Preparing: select * from huodong where 1=1 and status = ? and uid =? 
2019-05-10 22:17:19,408 DEBUG (BaseJdbcLogger.java:159)- ==> Parameters: 1(Integer), 1(Integer)
2019-05-10 22:17:19,419 DEBUG (BaseJdbcLogger.java:159)- <==      Total: 1
2019-05-10 22:17:20,907 DEBUG (BaseJdbcLogger.java:159)- ==>  Preparing: select * from huodong where 1=1 and status = ? and uid =? 
2019-05-10 22:17:20,907 DEBUG (BaseJdbcLogger.java:159)- ==> Parameters: 2(Integer), 1(Integer)
2019-05-10 22:17:20,916 DEBUG (BaseJdbcLogger.java:159)- <==      Total: 0
2019-05-10 22:17:22,063 DEBUG (BaseJdbcLogger.java:159)- ==>  Preparing: select * from huodong where 1=1 and status = ? and uid =? 
2019-05-10 22:17:22,073 DEBUG (BaseJdbcLogger.java:159)- ==> Parameters: 1(Integer), 1(Integer)
2019-05-10 22:17:22,078 DEBUG (BaseJdbcLogger.java:159)- <==      Total: 1
2019-05-10 22:17:22,609 DEBUG (BaseJdbcLogger.java:159)- ==>  Preparing: select * from huodong where 1=1 and status = ? and uid =? 
2019-05-10 22:17:22,609 DEBUG (BaseJdbcLogger.java:159)- ==> Parameters: 0(Integer), 1(Integer)
2019-05-10 22:17:22,609 DEBUG (BaseJdbcLogger.java:159)- <==      Total: 0
2019-05-10 22:17:42,035 DEBUG (BaseJdbcLogger.java:159)- ==>  Preparing: select * from auth where role = ? 
2019-05-10 22:17:42,035 DEBUG (BaseJdbcLogger.java:159)- ==> Parameters: 系统管理员(String)
2019-05-10 22:17:42,035 DEBUG (BaseJdbcLogger.java:159)- ==>  Preparing: select * from gonggao 
2019-05-10 22:17:42,035 DEBUG (BaseJdbcLogger.java:159)- <==      Total: 0
2019-05-10 22:17:42,047 DEBUG (BaseJdbcLogger.java:159)- ==> Parameters: 
2019-05-10 22:17:42,049 DEBUG (BaseJdbcLogger.java:159)- <==      Total: 1
2019-05-10 22:17:47,332 DEBUG (BaseJdbcLogger.java:159)- ==>  Preparing: select * from user where 1=1 
2019-05-10 22:17:47,332 DEBUG (BaseJdbcLogger.java:159)- ==> Parameters: 
2019-05-10 22:17:47,348 DEBUG (BaseJdbcLogger.java:159)- <==      Total: 4
2019-05-10 22:17:49,292 DEBUG (BaseJdbcLogger.java:159)- ==>  Preparing: select * from role 
2019-05-10 22:17:49,292 DEBUG (BaseJdbcLogger.java:159)- ==> Parameters: 
2019-05-10 22:17:49,292 DEBUG (BaseJdbcLogger.java:159)- ==>  Preparing: select * from role 
2019-05-10 22:17:49,307 DEBUG (BaseJdbcLogger.java:159)- ==> Parameters: 
2019-05-10 22:17:49,309 DEBUG (BaseJdbcLogger.java:159)- ==>  Preparing: select * from depart 
2019-05-10 22:17:49,311 DEBUG (BaseJdbcLogger.java:159)- ==> Parameters: 
2019-05-10 22:17:49,312 DEBUG (BaseJdbcLogger.java:159)- ==>  Preparing: select * from depart 
2019-05-10 22:17:49,312 DEBUG (BaseJdbcLogger.java:159)- ==> Parameters: 
2019-05-10 22:17:49,312 DEBUG (BaseJdbcLogger.java:159)- <==      Total: 2
2019-05-10 22:17:49,343 DEBUG (BaseJdbcLogger.java:159)- <==      Total: 2
2019-05-10 22:17:49,374 DEBUG (BaseJdbcLogger.java:159)- <==      Total: 3
2019-05-10 22:17:49,405 DEBUG (BaseJdbcLogger.java:159)- <==      Total: 3
2019-05-10 22:17:58,052 DEBUG (BaseJdbcLogger.java:159)- ==>  Preparing: select * from user where username = ? 
2019-05-10 22:17:58,052 DEBUG (BaseJdbcLogger.java:159)- ==> Parameters: 111(String)
2019-05-10 22:17:58,062 DEBUG (BaseJdbcLogger.java:159)- <==      Total: 0
2019-05-10 22:17:58,063 DEBUG (BaseJdbcLogger.java:159)- ==>  Preparing: insert into user (username,password,role,depart) values(?,?,?,?) 
2019-05-10 22:17:58,063 DEBUG (BaseJdbcLogger.java:159)- ==> Parameters: 111(String), 222(String), 社团成员(String), 11(String)
2019-05-10 22:17:58,142 DEBUG (BaseJdbcLogger.java:159)- <==    Updates: 1
2019-05-10 22:19:28,473 DEBUG (BaseJdbcLogger.java:159)- ==>  Preparing: select * from auth where role = ? 
2019-05-10 22:19:28,476 DEBUG (BaseJdbcLogger.java:159)- ==> Parameters: 系统管理员(String)
2019-05-10 22:19:28,478 DEBUG (BaseJdbcLogger.java:159)- <==      Total: 0
2019-05-10 22:19:28,486 DEBUG (BaseJdbcLogger.java:159)- ==>  Preparing: select * from gonggao 
2019-05-10 22:19:28,488 DEBUG (BaseJdbcLogger.java:159)- ==> Parameters: 
2019-05-10 22:19:28,489 DEBUG (BaseJdbcLogger.java:159)- <==      Total: 1
2019-05-10 22:19:30,154 DEBUG (BaseJdbcLogger.java:159)- ==>  Preparing: select * from huodong where 1=1 and status = ? and uid =? 
2019-05-10 22:19:30,154 DEBUG (BaseJdbcLogger.java:159)- ==> Parameters: 0(Integer), 1(Integer)
2019-05-10 22:19:30,167 DEBUG (BaseJdbcLogger.java:159)- <==      Total: 0
2019-05-10 22:19:30,308 DEBUG (BaseJdbcLogger.java:159)- ==>  Preparing: select * from huodong where 1=1 and status = ? and uid =? 
2019-05-10 22:19:30,308 DEBUG (BaseJdbcLogger.java:159)- ==> Parameters: 0(Integer), 1(Integer)
2019-05-10 22:19:30,324 DEBUG (BaseJdbcLogger.java:159)- <==      Total: 0
2019-05-10 22:19:33,232 DEBUG (BaseJdbcLogger.java:159)- ==>  Preparing: select * from huodong where 1=1 and status = ? and uid =? 
2019-05-10 22:19:33,232 DEBUG (BaseJdbcLogger.java:159)- ==> Parameters: 0(Integer), 1(Integer)
2019-05-10 22:19:33,232 DEBUG (BaseJdbcLogger.java:159)- <==      Total: 0
2019-05-10 22:19:33,368 DEBUG (BaseJdbcLogger.java:159)- ==>  Preparing: select * from huodong where 1=1 and status = ? and uid =? 
2019-05-10 22:19:33,368 DEBUG (BaseJdbcLogger.java:159)- ==> Parameters: 0(Integer), 1(Integer)
2019-05-10 22:19:33,368 DEBUG (BaseJdbcLogger.java:159)- <==      Total: 0
2019-05-10 22:19:39,268 DEBUG (BaseJdbcLogger.java:159)- ==>  Preparing: select * from user where 1=1 
2019-05-10 22:19:39,269 DEBUG (BaseJdbcLogger.java:159)- ==> Parameters: 
2019-05-10 22:19:39,272 DEBUG (BaseJdbcLogger.java:159)- <==      Total: 5
2019-05-10 22:19:42,344 DEBUG (BaseJdbcLogger.java:159)- ==>  Preparing: select * from depart 
2019-05-10 22:19:42,344 DEBUG (BaseJdbcLogger.java:159)- ==>  Preparing: select * from role 
2019-05-10 22:19:42,346 DEBUG (BaseJdbcLogger.java:159)- ==> Parameters: 
2019-05-10 22:19:42,346 DEBUG (BaseJdbcLogger.java:159)- ==> Parameters: 
2019-05-10 22:19:42,348 DEBUG (BaseJdbcLogger.java:159)- <==      Total: 2
2019-05-10 22:19:42,348 DEBUG (BaseJdbcLogger.java:159)- <==      Total: 3
2019-05-10 22:19:42,349 DEBUG (BaseJdbcLogger.java:159)- ==>  Preparing: select * from depart 
2019-05-10 22:19:42,353 DEBUG (BaseJdbcLogger.java:159)- ==> Parameters: 
2019-05-10 22:19:42,351 DEBUG (BaseJdbcLogger.java:159)- ==>  Preparing: select * from role 
2019-05-10 22:19:42,355 DEBUG (BaseJdbcLogger.java:159)- ==> Parameters: 
2019-05-10 22:19:42,378 DEBUG (BaseJdbcLogger.java:159)- <==      Total: 2
2019-05-10 22:19:42,389 DEBUG (BaseJdbcLogger.java:159)- <==      Total: 3
2019-05-10 22:19:48,748 DEBUG (BaseJdbcLogger.java:159)- ==>  Preparing: select * from user where username = ? 
2019-05-10 22:19:48,757 DEBUG (BaseJdbcLogger.java:159)- ==> Parameters: 88(String)
2019-05-10 22:19:48,759 DEBUG (BaseJdbcLogger.java:159)- <==      Total: 0
2019-05-10 22:19:48,759 DEBUG (BaseJdbcLogger.java:159)- ==>  Preparing: insert into user (username,password,role,depart) values(?,?,?,?) 
2019-05-10 22:19:48,759 DEBUG (BaseJdbcLogger.java:159)- ==> Parameters: 88(String), 88(String), 社长(String), 企管部(String)
2019-05-10 22:19:48,837 DEBUG (BaseJdbcLogger.java:159)- <==    Updates: 1
2019-05-10 22:19:49,392 DEBUG (BaseJdbcLogger.java:159)- ==>  Preparing: select * from user where 1=1 
2019-05-10 22:19:49,393 DEBUG (BaseJdbcLogger.java:159)- ==> Parameters: 
2019-05-10 22:19:49,431 DEBUG (BaseJdbcLogger.java:159)- <==      Total: 6
