2019-05-28 15:06:12,534 DEBUG (BaseJdbcLogger.java:159)- ==>  Preparing: select * from user where username = ? 
2019-05-28 15:06:12,552 DEBUG (BaseJdbcLogger.java:159)- ==> Parameters: lhb(String)
2019-05-28 15:06:12,556 DEBUG (BaseJdbcLogger.java:159)- <==      Total: 0
2019-05-28 15:06:12,558 DEBUG (BaseJdbcLogger.java:159)- ==>  Preparing: insert into user (username,password,leixing) values(?,?,?) 
2019-05-28 15:06:12,565 DEBUG (BaseJdbcLogger.java:159)- ==> Parameters: lhb(String), 123456(String), 普通用户(String)
2019-05-28 15:06:12,571 DEBUG (BaseJdbcLogger.java:159)- <==    Updates: 1
2019-05-28 15:06:22,598 DEBUG (BaseJdbcLogger.java:159)- ==>  Preparing: select * from user where username = ? and password = ? 
2019-05-28 15:06:22,600 DEBUG (BaseJdbcLogger.java:159)- ==> Parameters: lhb(String), 123456(String)
2019-05-28 15:06:22,602 DEBUG (BaseJdbcLogger.java:159)- <==      Total: 1
2019-05-28 15:06:22,880 DEBUG (BaseJdbcLogger.java:159)- ==>  Preparing: select * from user where username = ? 
2019-05-28 15:06:22,882 DEBUG (BaseJdbcLogger.java:159)- ==> Parameters: lhb(String)
2019-05-28 15:06:22,883 DEBUG (BaseJdbcLogger.java:159)- <==      Total: 1
2019-05-28 15:33:34,289 DEBUG (BaseJdbcLogger.java:159)- ==>  Preparing: select * from user where username = ? and password = ? 
2019-05-28 15:33:34,290 DEBUG (BaseJdbcLogger.java:159)- ==> Parameters: lihaibo1(String), 1234(String)
2019-05-28 15:33:34,293 DEBUG (BaseJdbcLogger.java:159)- <==      Total: 1
2019-05-28 15:33:34,718 DEBUG (BaseJdbcLogger.java:159)- ==>  Preparing: select * from user where username = ? 
2019-05-28 15:33:34,719 DEBUG (BaseJdbcLogger.java:159)- ==> Parameters: lihaibo1(String)
2019-05-28 15:33:34,720 DEBUG (BaseJdbcLogger.java:159)- <==      Total: 1
2019-05-28 15:33:58,634 DEBUG (BaseJdbcLogger.java:159)- ==>  Preparing: select * from user where username = ? 
2019-05-28 15:33:58,635 DEBUG (BaseJdbcLogger.java:159)- ==> Parameters: qwer(String)
2019-05-28 15:33:58,637 DEBUG (BaseJdbcLogger.java:159)- <==      Total: 1
2019-05-28 15:34:07,731 DEBUG (BaseJdbcLogger.java:159)- ==>  Preparing: select * from user where username = ? and password = ? 
2019-05-28 15:34:07,732 DEBUG (BaseJdbcLogger.java:159)- ==> Parameters: qwer(String), qwer(String)
2019-05-28 15:34:07,733 DEBUG (BaseJdbcLogger.java:159)- <==      Total: 1
2019-05-28 15:34:08,043 DEBUG (BaseJdbcLogger.java:159)- ==>  Preparing: select * from user where username = ? 
2019-05-28 15:34:08,044 DEBUG (BaseJdbcLogger.java:159)- ==> Parameters: qwer(String)
2019-05-28 15:34:08,045 DEBUG (BaseJdbcLogger.java:159)- <==      Total: 1
2019-05-28 15:34:24,476 DEBUG (BaseJdbcLogger.java:159)- ==>  Preparing: select * from user where username = ? 
2019-05-28 15:34:24,478 DEBUG (BaseJdbcLogger.java:159)- ==> Parameters: qqqq(String)
2019-05-28 15:34:24,480 DEBUG (BaseJdbcLogger.java:159)- <==      Total: 0
2019-05-28 15:34:24,482 DEBUG (BaseJdbcLogger.java:159)- ==>  Preparing: insert into user (username,password,leixing) values(?,?,?) 
2019-05-28 15:34:24,482 DEBUG (BaseJdbcLogger.java:159)- ==> Parameters: qqqq(String), 1234(String), 医生(String)
2019-05-28 15:34:24,486 DEBUG (BaseJdbcLogger.java:159)- <==    Updates: 1
2019-05-28 15:34:33,195 DEBUG (BaseJdbcLogger.java:159)- ==>  Preparing: select * from user where username = ? and password = ? 
2019-05-28 15:34:33,196 DEBUG (BaseJdbcLogger.java:159)- ==> Parameters: qqqq(String), 1234(String)
2019-05-28 15:34:33,198 DEBUG (BaseJdbcLogger.java:159)- <==      Total: 1
2019-05-28 15:34:33,452 DEBUG (BaseJdbcLogger.java:159)- ==>  Preparing: select * from user where username = ? 
2019-05-28 15:34:33,453 DEBUG (BaseJdbcLogger.java:159)- ==> Parameters: qqqq(String)
2019-05-28 15:34:33,455 DEBUG (BaseJdbcLogger.java:159)- <==      Total: 1
2019-05-28 15:34:41,075 DEBUG (BaseJdbcLogger.java:159)- ==>  Preparing: select * from fangjian where 1=1 
2019-05-28 15:34:41,076 DEBUG (BaseJdbcLogger.java:159)- ==> Parameters: 
2019-05-28 15:34:41,079 DEBUG (BaseJdbcLogger.java:159)- <==      Total: 2
2019-05-28 15:34:44,338 DEBUG (BaseJdbcLogger.java:159)- ==>  Preparing: select * from fangjian where 1=1 and username like CONCAT('%',?,'%') 
2019-05-28 15:34:44,339 DEBUG (BaseJdbcLogger.java:159)- ==> Parameters: qqqq(String)
2019-05-28 15:34:44,341 DEBUG (BaseJdbcLogger.java:159)- <==      Total: 0
2019-05-28 15:35:05,699 DEBUG (BaseJdbcLogger.java:159)- ==>  Preparing: select * from fangjian where fangjianname = ? 
2019-05-28 15:35:05,703 DEBUG (BaseJdbcLogger.java:159)- ==> Parameters: 1001(String)
2019-05-28 15:35:05,706 DEBUG (BaseJdbcLogger.java:159)- <==      Total: 0
2019-05-28 15:35:05,710 DEBUG (BaseJdbcLogger.java:159)- ==>  Preparing: insert into fangjian (fangjianname,title,username) values(?,?,?) 
2019-05-28 15:35:05,711 DEBUG (BaseJdbcLogger.java:159)- ==> Parameters: 1001(String), ceshi(String), qqqq(String)
2019-05-28 15:35:05,714 DEBUG (BaseJdbcLogger.java:159)- <==    Updates: 1
2019-05-28 15:35:05,796 DEBUG (BaseJdbcLogger.java:159)- ==>  Preparing: select * from fangjian where 1=1 and username like CONCAT('%',?,'%') 
2019-05-28 15:35:05,796 DEBUG (BaseJdbcLogger.java:159)- ==> Parameters: qqqq(String)
2019-05-28 15:35:05,799 DEBUG (BaseJdbcLogger.java:159)- <==      Total: 1
2019-05-28 15:35:08,590 DEBUG (BaseJdbcLogger.java:159)- ==>  Preparing: select * from user where 1=1 and username like CONCAT('%',?,'%') 
2019-05-28 15:35:08,592 DEBUG (BaseJdbcLogger.java:159)- ==> Parameters: qqqq(String)
2019-05-28 15:35:08,594 DEBUG (BaseJdbcLogger.java:159)- <==      Total: 1
2019-05-28 15:35:46,510 DEBUG (BaseJdbcLogger.java:159)- ==>  Preparing: select * from fangjian where 1=1 
2019-05-28 15:35:46,511 DEBUG (BaseJdbcLogger.java:159)- ==> Parameters: 
2019-05-28 15:35:46,512 DEBUG (BaseJdbcLogger.java:159)- <==      Total: 3
2019-05-28 15:36:05,267 DEBUG (BaseJdbcLogger.java:159)- ==>  Preparing: select * from fangjian where 1=1 
2019-05-28 15:36:05,269 DEBUG (BaseJdbcLogger.java:159)- ==> Parameters: 
2019-05-28 15:36:05,270 DEBUG (BaseJdbcLogger.java:159)- <==      Total: 3
2019-05-28 15:38:32,849 DEBUG (BaseJdbcLogger.java:159)- ==>  Preparing: select * from shipin 
2019-05-28 15:38:32,854 DEBUG (BaseJdbcLogger.java:159)- ==> Parameters: 
2019-05-28 15:38:32,879 DEBUG (BaseJdbcLogger.java:159)- <==      Total: 1
2019-05-28 15:43:07,002 DEBUG (BaseJdbcLogger.java:159)- ==>  Preparing: select * from user where username = ? and password = ? 
2019-05-28 15:43:07,008 DEBUG (BaseJdbcLogger.java:159)- ==> Parameters: qqqq(String), 1234(String)
2019-05-28 15:43:07,011 DEBUG (BaseJdbcLogger.java:159)- <==      Total: 1
2019-05-28 15:43:07,299 DEBUG (BaseJdbcLogger.java:159)- ==>  Preparing: select * from user where username = ? 
2019-05-28 15:43:07,300 DEBUG (BaseJdbcLogger.java:159)- ==> Parameters: qqqq(String)
2019-05-28 15:43:07,302 DEBUG (BaseJdbcLogger.java:159)- <==      Total: 1
2019-05-28 15:43:35,189 DEBUG (BaseJdbcLogger.java:159)- ==>  Preparing: select * from fangjian where 1=1 
2019-05-28 15:43:35,190 DEBUG (BaseJdbcLogger.java:159)- ==> Parameters: 
2019-05-28 15:43:35,196 DEBUG (BaseJdbcLogger.java:159)- <==      Total: 3
2019-05-28 15:43:37,206 DEBUG (BaseJdbcLogger.java:159)- ==>  Preparing: select * from shipin 
2019-05-28 15:43:37,207 DEBUG (BaseJdbcLogger.java:159)- ==> Parameters: 
2019-05-28 15:43:37,209 DEBUG (BaseJdbcLogger.java:159)- <==      Total: 1
2019-05-28 15:48:55,725 DEBUG (BaseJdbcLogger.java:159)- ==>  Preparing: select * from shipin 
2019-05-28 15:48:55,726 DEBUG (BaseJdbcLogger.java:159)- ==> Parameters: 
2019-05-28 15:48:55,731 DEBUG (BaseJdbcLogger.java:159)- <==      Total: 1
2019-05-28 15:54:59,733 DEBUG (BaseJdbcLogger.java:159)- ==>  Preparing: select * from user where username = ? 
2019-05-28 15:54:59,738 DEBUG (BaseJdbcLogger.java:159)- ==> Parameters: qqqq(String)
2019-05-28 15:54:59,744 DEBUG (BaseJdbcLogger.java:159)- <==      Total: 1
2019-05-28 15:55:10,140 DEBUG (BaseJdbcLogger.java:159)- ==>  Preparing: select * from fangjian where 1=1 
2019-05-28 15:55:10,142 DEBUG (BaseJdbcLogger.java:159)- ==> Parameters: 
2019-05-28 15:55:10,146 DEBUG (BaseJdbcLogger.java:159)- <==      Total: 3
2019-05-28 15:58:16,609 DEBUG (BaseJdbcLogger.java:159)- ==>  Preparing: select * from fangjian where 1=1 
2019-05-28 15:58:16,626 DEBUG (BaseJdbcLogger.java:159)- ==> Parameters: 
2019-05-28 15:58:16,631 DEBUG (BaseJdbcLogger.java:159)- <==      Total: 3
2019-05-28 16:01:24,467 DEBUG (BaseJdbcLogger.java:159)- ==>  Preparing: select * from user where username = ? and password = ? 
2019-05-28 16:01:24,471 DEBUG (BaseJdbcLogger.java:159)- ==> Parameters: qqqq(String), 1234(String)
2019-05-28 16:01:24,472 DEBUG (BaseJdbcLogger.java:159)- <==      Total: 1
2019-05-28 16:01:25,572 DEBUG (BaseJdbcLogger.java:159)- ==>  Preparing: select * from user where username = ? 
2019-05-28 16:01:25,573 DEBUG (BaseJdbcLogger.java:159)- ==> Parameters: qqqq(String)
2019-05-28 16:01:25,575 DEBUG (BaseJdbcLogger.java:159)- <==      Total: 1
2019-05-28 16:02:47,730 DEBUG (BaseJdbcLogger.java:159)- ==>  Preparing: select * from user where username = ? and password = ? 
2019-05-28 16:02:47,731 DEBUG (BaseJdbcLogger.java:159)- ==> Parameters: lhb(String), 1234(String)
2019-05-28 16:02:47,733 DEBUG (BaseJdbcLogger.java:159)- <==      Total: 0
2019-05-28 16:02:53,181 DEBUG (BaseJdbcLogger.java:159)- ==>  Preparing: select * from user where username = ? and password = ? 
2019-05-28 16:02:53,182 DEBUG (BaseJdbcLogger.java:159)- ==> Parameters: lhb(String), 123456(String)
2019-05-28 16:02:53,185 DEBUG (BaseJdbcLogger.java:159)- <==      Total: 1
2019-05-28 16:02:53,452 DEBUG (BaseJdbcLogger.java:159)- ==>  Preparing: select * from user where username = ? 
2019-05-28 16:02:53,453 DEBUG (BaseJdbcLogger.java:159)- ==> Parameters: lhb(String)
2019-05-28 16:02:53,468 DEBUG (BaseJdbcLogger.java:159)- <==      Total: 1
2019-05-28 16:03:01,145 DEBUG (BaseJdbcLogger.java:159)- ==>  Preparing: select * from fangjian where 1=1 
2019-05-28 16:03:01,146 DEBUG (BaseJdbcLogger.java:159)- ==> Parameters: 
2019-05-28 16:03:01,147 DEBUG (BaseJdbcLogger.java:159)- <==      Total: 3
2019-05-28 16:03:13,729 DEBUG (BaseJdbcLogger.java:159)- ==>  Preparing: select * from user where username = ? 
2019-05-28 16:03:13,730 DEBUG (BaseJdbcLogger.java:159)- ==> Parameters: lhb(String)
2019-05-28 16:03:13,732 DEBUG (BaseJdbcLogger.java:159)- <==      Total: 1
2019-05-28 16:03:19,431 DEBUG (BaseJdbcLogger.java:159)- ==>  Preparing: select * from fangjian where 1=1 
2019-05-28 16:03:19,433 DEBUG (BaseJdbcLogger.java:159)- ==> Parameters: 
2019-05-28 16:03:19,458 DEBUG (BaseJdbcLogger.java:159)- <==      Total: 3
2019-05-28 16:04:09,845 DEBUG (BaseJdbcLogger.java:159)- ==>  Preparing: select * from shipin 
2019-05-28 16:04:09,846 DEBUG (BaseJdbcLogger.java:159)- ==> Parameters: 
2019-05-28 16:04:09,847 DEBUG (BaseJdbcLogger.java:159)- <==      Total: 1
2019-05-28 16:07:09,710 DEBUG (BaseJdbcLogger.java:159)- ==>  Preparing: select * from user where username = ? 
2019-05-28 16:07:09,712 DEBUG (BaseJdbcLogger.java:159)- ==> Parameters: 啊啊啊(String)
2019-05-28 16:07:09,713 DEBUG (BaseJdbcLogger.java:159)- <==      Total: 0
2019-05-28 16:07:09,715 DEBUG (BaseJdbcLogger.java:159)- ==>  Preparing: insert into user (username,password,leixing) values(?,?,?) 
2019-05-28 16:07:09,729 DEBUG (BaseJdbcLogger.java:159)- ==> Parameters: 啊啊啊(String), 123456(String), 医生(String)
2019-05-28 16:07:09,733 DEBUG (BaseJdbcLogger.java:159)- <==    Updates: 1
2019-05-28 16:07:18,190 DEBUG (BaseJdbcLogger.java:159)- ==>  Preparing: select * from user where username = ? and password = ? 
2019-05-28 16:07:18,192 DEBUG (BaseJdbcLogger.java:159)- ==> Parameters: 啊啊啊(String), 123456(String)
2019-05-28 16:07:18,193 DEBUG (BaseJdbcLogger.java:159)- <==      Total: 1
2019-05-28 16:07:18,404 DEBUG (BaseJdbcLogger.java:159)- ==>  Preparing: select * from user where username = ? 
2019-05-28 16:07:18,405 DEBUG (BaseJdbcLogger.java:159)- ==> Parameters: 啊啊啊(String)
2019-05-28 16:07:18,406 DEBUG (BaseJdbcLogger.java:159)- <==      Total: 1
2019-05-28 16:07:32,993 DEBUG (BaseJdbcLogger.java:159)- ==>  Preparing: select * from fangjian where 1=1 
2019-05-28 16:07:32,994 DEBUG (BaseJdbcLogger.java:159)- ==> Parameters: 
2019-05-28 16:07:32,995 DEBUG (BaseJdbcLogger.java:159)- <==      Total: 3
2019-05-28 16:07:51,770 DEBUG (BaseJdbcLogger.java:159)- ==>  Preparing: select * from fangjian where 1=1 
2019-05-28 16:07:51,771 DEBUG (BaseJdbcLogger.java:159)- ==> Parameters: 
2019-05-28 16:07:51,773 DEBUG (BaseJdbcLogger.java:159)- <==      Total: 3
2019-05-28 16:08:06,206 DEBUG (BaseJdbcLogger.java:159)- ==>  Preparing: select * from shipin 
2019-05-28 16:08:06,208 DEBUG (BaseJdbcLogger.java:159)- ==> Parameters: 
2019-05-28 16:08:06,210 DEBUG (BaseJdbcLogger.java:159)- <==      Total: 1
2019-05-28 16:08:13,414 DEBUG (BaseJdbcLogger.java:159)- ==>  Preparing: select * from fangjian where 1=1 
2019-05-28 16:08:13,416 DEBUG (BaseJdbcLogger.java:159)- ==> Parameters: 
2019-05-28 16:08:13,417 DEBUG (BaseJdbcLogger.java:159)- <==      Total: 3
2019-05-28 16:08:21,683 DEBUG (BaseJdbcLogger.java:159)- ==>  Preparing: select * from fangjian where 1=1 
2019-05-28 16:08:21,684 DEBUG (BaseJdbcLogger.java:159)- ==> Parameters: 
2019-05-28 16:08:21,685 DEBUG (BaseJdbcLogger.java:159)- <==      Total: 3
2019-05-28 16:08:26,875 DEBUG (BaseJdbcLogger.java:159)- ==>  Preparing: select * from fangjian where 1=1 
2019-05-28 16:08:26,877 DEBUG (BaseJdbcLogger.java:159)- ==> Parameters: 
2019-05-28 16:08:26,879 DEBUG (BaseJdbcLogger.java:159)- <==      Total: 3
2019-05-28 16:09:05,054 DEBUG (BaseJdbcLogger.java:159)- ==>  Preparing: select * from fangjian where 1=1 
2019-05-28 16:09:05,056 DEBUG (BaseJdbcLogger.java:159)- ==> Parameters: 
2019-05-28 16:09:05,057 DEBUG (BaseJdbcLogger.java:159)- <==      Total: 3
2019-05-28 16:09:22,964 DEBUG (BaseJdbcLogger.java:159)- ==>  Preparing: select * from shipin 
2019-05-28 16:09:22,965 DEBUG (BaseJdbcLogger.java:159)- ==> Parameters: 
2019-05-28 16:09:22,967 DEBUG (BaseJdbcLogger.java:159)- <==      Total: 1
2019-05-28 16:09:25,260 DEBUG (BaseJdbcLogger.java:159)- ==>  Preparing: select * from fangjian where 1=1 
2019-05-28 16:09:25,261 DEBUG (BaseJdbcLogger.java:159)- ==> Parameters: 
2019-05-28 16:09:25,263 DEBUG (BaseJdbcLogger.java:159)- <==      Total: 3
2019-05-28 16:10:14,588 DEBUG (BaseJdbcLogger.java:159)- ==>  Preparing: select * from user where username = ? 
2019-05-28 16:10:14,589 DEBUG (BaseJdbcLogger.java:159)- ==> Parameters: 啊啊啊(String)
2019-05-28 16:10:14,591 DEBUG (BaseJdbcLogger.java:159)- <==      Total: 1
2019-05-28 16:10:20,677 DEBUG (BaseJdbcLogger.java:159)- ==>  Preparing: select * from user where username = ? 
2019-05-28 16:10:20,687 DEBUG (BaseJdbcLogger.java:159)- ==> Parameters: 啊啊啊啊(String)
2019-05-28 16:10:20,688 DEBUG (BaseJdbcLogger.java:159)- <==      Total: 0
2019-05-28 16:10:20,689 DEBUG (BaseJdbcLogger.java:159)- ==>  Preparing: insert into user (username,password,leixing) values(?,?,?) 
2019-05-28 16:10:20,691 DEBUG (BaseJdbcLogger.java:159)- ==> Parameters: 啊啊啊啊(String), 123456(String), 普通用户(String)
2019-05-28 16:10:20,696 DEBUG (BaseJdbcLogger.java:159)- <==    Updates: 1
2019-05-28 16:10:23,562 DEBUG (BaseJdbcLogger.java:159)- ==>  Preparing: select * from user where username = ? and password = ? 
2019-05-28 16:10:23,574 DEBUG (BaseJdbcLogger.java:159)- ==> Parameters: 啊啊啊啊(String), 123456(String)
2019-05-28 16:10:23,579 DEBUG (BaseJdbcLogger.java:159)- <==      Total: 1
2019-05-28 16:10:23,745 DEBUG (BaseJdbcLogger.java:159)- ==>  Preparing: select * from user where username = ? 
2019-05-28 16:10:23,746 DEBUG (BaseJdbcLogger.java:159)- ==> Parameters: 啊啊啊啊(String)
2019-05-28 16:10:23,748 DEBUG (BaseJdbcLogger.java:159)- <==      Total: 1
2019-05-28 16:10:27,746 DEBUG (BaseJdbcLogger.java:159)- ==>  Preparing: select * from fangjian where 1=1 
2019-05-28 16:10:27,748 DEBUG (BaseJdbcLogger.java:159)- ==> Parameters: 
2019-05-28 16:10:27,789 DEBUG (BaseJdbcLogger.java:159)- <==      Total: 3
2019-05-28 16:10:34,050 DEBUG (BaseJdbcLogger.java:159)- ==>  Preparing: select * from user where 1=1 and username like CONCAT('%',?,'%') 
2019-05-28 16:10:34,052 DEBUG (BaseJdbcLogger.java:159)- ==> Parameters: 啊啊啊啊(String)
2019-05-28 16:10:34,054 DEBUG (BaseJdbcLogger.java:159)- <==      Total: 1
2019-05-28 16:10:51,131 DEBUG (BaseJdbcLogger.java:159)- ==>  Preparing: select * from shipin 
2019-05-28 16:10:51,132 DEBUG (BaseJdbcLogger.java:159)- ==> Parameters: 
2019-05-28 16:10:51,134 DEBUG (BaseJdbcLogger.java:159)- <==      Total: 1
2019-05-28 16:10:51,763 DEBUG (BaseJdbcLogger.java:159)- ==>  Preparing: select * from fangjian where 1=1 
2019-05-28 16:10:51,764 DEBUG (BaseJdbcLogger.java:159)- ==> Parameters: 
2019-05-28 16:10:51,766 DEBUG (BaseJdbcLogger.java:159)- <==      Total: 3
2019-05-28 16:10:57,516 DEBUG (BaseJdbcLogger.java:159)- ==>  Preparing: select * from shipin 
2019-05-28 16:10:57,518 DEBUG (BaseJdbcLogger.java:159)- ==> Parameters: 
2019-05-28 16:10:57,519 DEBUG (BaseJdbcLogger.java:159)- <==      Total: 1
2019-05-28 16:10:58,263 DEBUG (BaseJdbcLogger.java:159)- ==>  Preparing: select * from fangjian where 1=1 
2019-05-28 16:10:58,264 DEBUG (BaseJdbcLogger.java:159)- ==> Parameters: 
2019-05-28 16:10:58,265 DEBUG (BaseJdbcLogger.java:159)- <==      Total: 3
2019-05-28 21:07:31,637 DEBUG (BaseJdbcLogger.java:159)- ==>  Preparing: select * from user where username = ? and password = ? 
2019-05-28 21:07:31,639 DEBUG (BaseJdbcLogger.java:159)- ==> Parameters: qqqq(String), 1234(String)
2019-05-28 21:07:31,641 DEBUG (BaseJdbcLogger.java:159)- <==      Total: 1
2019-05-28 21:07:32,473 DEBUG (BaseJdbcLogger.java:159)- ==>  Preparing: select * from user where username = ? 
2019-05-28 21:07:32,474 DEBUG (BaseJdbcLogger.java:159)- ==> Parameters: qqqq(String)
2019-05-28 21:07:32,476 DEBUG (BaseJdbcLogger.java:159)- <==      Total: 1
2019-05-28 21:07:36,840 DEBUG (BaseJdbcLogger.java:159)- ==>  Preparing: select * from shipin 
2019-05-28 21:07:36,842 DEBUG (BaseJdbcLogger.java:159)- ==> Parameters: 
2019-05-28 21:07:36,846 DEBUG (BaseJdbcLogger.java:159)- <==      Total: 1
2019-05-28 21:09:03,340 DEBUG (BaseJdbcLogger.java:159)- ==>  Preparing: select * from shipin 
2019-05-28 21:09:03,342 DEBUG (BaseJdbcLogger.java:159)- ==> Parameters: 
2019-05-28 21:09:03,343 DEBUG (BaseJdbcLogger.java:159)- <==      Total: 1
2019-05-28 21:14:32,775 DEBUG (BaseJdbcLogger.java:159)- ==>  Preparing: select * from user where username = ? 
2019-05-28 21:14:32,777 DEBUG (BaseJdbcLogger.java:159)- ==> Parameters: qqqq(String)
2019-05-28 21:14:32,779 DEBUG (BaseJdbcLogger.java:159)- <==      Total: 1
2019-05-28 21:14:36,947 DEBUG (BaseJdbcLogger.java:159)- ==>  Preparing: select * from shipin 
2019-05-28 21:14:36,949 DEBUG (BaseJdbcLogger.java:159)- ==> Parameters: 
2019-05-28 21:14:36,951 DEBUG (BaseJdbcLogger.java:159)- <==      Total: 1
2019-05-28 21:20:05,253 DEBUG (BaseJdbcLogger.java:159)- ==>  Preparing: select * from user where username = ? and password = ? 
2019-05-28 21:20:05,254 DEBUG (BaseJdbcLogger.java:159)- ==> Parameters: admin(String), 123456(String)
2019-05-28 21:20:05,256 DEBUG (BaseJdbcLogger.java:159)- <==      Total: 1
2019-05-28 21:20:05,708 DEBUG (BaseJdbcLogger.java:159)- ==>  Preparing: select * from user where username = ? 
2019-05-28 21:20:05,709 DEBUG (BaseJdbcLogger.java:159)- ==> Parameters: admin(String)
2019-05-28 21:20:05,711 DEBUG (BaseJdbcLogger.java:159)- <==      Total: 1
2019-05-28 21:20:33,329 DEBUG (BaseJdbcLogger.java:159)- ==>  Preparing: select * from shipin 
2019-05-28 21:20:33,331 DEBUG (BaseJdbcLogger.java:159)- ==> Parameters: 
2019-05-28 21:20:33,335 DEBUG (BaseJdbcLogger.java:159)- <==      Total: 1
2019-05-28 21:20:46,446 DEBUG (BaseJdbcLogger.java:159)- ==>  Preparing: select * from user where 1=1 
2019-05-28 21:20:46,447 DEBUG (BaseJdbcLogger.java:159)- ==> Parameters: 
2019-05-28 21:20:46,455 DEBUG (BaseJdbcLogger.java:159)- <==      Total: 13
2019-05-28 21:20:48,667 DEBUG (BaseJdbcLogger.java:159)- ==>  Preparing: select * from fangjian where 1=1 
2019-05-28 21:20:48,668 DEBUG (BaseJdbcLogger.java:159)- ==> Parameters: 
2019-05-28 21:20:48,671 DEBUG (BaseJdbcLogger.java:159)- <==      Total: 3
2019-05-28 21:20:55,703 DEBUG (BaseJdbcLogger.java:159)- ==>  Preparing: select * from shipin 
2019-05-28 21:20:55,704 DEBUG (BaseJdbcLogger.java:159)- ==> Parameters: 
2019-05-28 21:20:55,706 DEBUG (BaseJdbcLogger.java:159)- <==      Total: 1
2019-05-28 21:20:57,227 DEBUG (BaseJdbcLogger.java:159)- ==>  Preparing: select * from fangjian where 1=1 
2019-05-28 21:20:57,228 DEBUG (BaseJdbcLogger.java:159)- ==> Parameters: 
2019-05-28 21:20:57,229 DEBUG (BaseJdbcLogger.java:159)- <==      Total: 3
2019-05-28 21:24:26,161 DEBUG (BaseJdbcLogger.java:159)- ==>  Preparing: insert into shipin (shipin_url,username,name) values(?,?,?) 
2019-05-28 21:24:26,163 DEBUG (BaseJdbcLogger.java:159)- ==> Parameters: 161ddc67-aeda-4d22-92f9-d19ddaacb09bcdd96e993bdec4e3dc8841beb0db6b09.mp4(String), admin(String), asd(String)
2019-05-28 21:24:26,229 DEBUG (BaseJdbcLogger.java:159)- <==    Updates: 1
2019-05-28 21:24:59,712 DEBUG (BaseJdbcLogger.java:159)- ==>  Preparing: select * from shipin 
2019-05-28 21:24:59,714 DEBUG (BaseJdbcLogger.java:159)- ==> Parameters: 
2019-05-28 21:24:59,715 DEBUG (BaseJdbcLogger.java:159)- <==      Total: 2
2019-05-28 21:26:36,263 DEBUG (BaseJdbcLogger.java:159)- ==>  Preparing: select * from user where username = ? 
2019-05-28 21:26:36,265 DEBUG (BaseJdbcLogger.java:159)- ==> Parameters: qqqq(String)
2019-05-28 21:26:36,269 DEBUG (BaseJdbcLogger.java:159)- <==      Total: 1
2019-05-28 21:26:46,740 DEBUG (BaseJdbcLogger.java:159)- ==>  Preparing: select * from shipin 
2019-05-28 21:26:46,741 DEBUG (BaseJdbcLogger.java:159)- ==> Parameters: 
2019-05-28 21:26:46,743 DEBUG (BaseJdbcLogger.java:159)- <==      Total: 2
2019-05-28 21:27:09,362 DEBUG (BaseJdbcLogger.java:159)- ==>  Preparing: select * from fangjian where 1=1 
2019-05-28 21:27:09,364 DEBUG (BaseJdbcLogger.java:159)- ==> Parameters: 
2019-05-28 21:27:09,365 DEBUG (BaseJdbcLogger.java:159)- <==      Total: 3
2019-05-28 21:33:14,078 INFO (StartupInfoLogger.java:50)- Starting Demo2Application on iZb5cbpcjbrr5zZ with PID 8156 (C:\Users\Administrator\Desktop\zhibo\zhibo\target\classes started by Administrator in C:\Users\Administrator\Desktop\zhibo\zhibo)
2019-05-28 21:33:14,085 DEBUG (StartupInfoLogger.java:53)- Running with Spring Boot v2.1.3.RELEASE, Spring v5.1.5.RELEASE
2019-05-28 21:33:14,086 INFO (SpringApplication.java:675)- No active profile set, falling back to default profiles: default
2019-05-28 21:33:36,799 INFO (StartupInfoLogger.java:59)- Started Demo2Application in 25.958 seconds (JVM running for 29.322)
2019-05-28 21:35:09,779 DEBUG (BaseJdbcLogger.java:159)- ==>  Preparing: select * from user where username = ? 
2019-05-28 21:35:09,890 DEBUG (BaseJdbcLogger.java:159)- ==> Parameters: admin(String)
2019-05-28 21:35:09,961 DEBUG (BaseJdbcLogger.java:159)- <==      Total: 1
2019-05-28 21:35:15,913 DEBUG (BaseJdbcLogger.java:159)- ==>  Preparing: select * from shipin 
2019-05-28 21:35:15,913 DEBUG (BaseJdbcLogger.java:159)- ==> Parameters: 
2019-05-28 21:35:15,917 DEBUG (BaseJdbcLogger.java:159)- <==      Total: 2
2019-05-28 21:35:27,310 DEBUG (BaseJdbcLogger.java:159)- ==>  Preparing: select * from shipin 
2019-05-28 21:35:27,312 DEBUG (BaseJdbcLogger.java:159)- ==> Parameters: 
2019-05-28 21:35:27,316 DEBUG (BaseJdbcLogger.java:159)- <==      Total: 2
2019-05-28 21:38:33,361 DEBUG (BaseJdbcLogger.java:159)- ==>  Preparing: select * from user where username = ? and password = ? 
2019-05-28 21:38:33,363 DEBUG (BaseJdbcLogger.java:159)- ==> Parameters: qqqq(String), 1234(String)
2019-05-28 21:38:33,370 DEBUG (BaseJdbcLogger.java:159)- <==      Total: 1
2019-05-28 21:38:34,003 DEBUG (BaseJdbcLogger.java:159)- ==>  Preparing: select * from user where username = ? 
2019-05-28 21:38:34,005 DEBUG (BaseJdbcLogger.java:159)- ==> Parameters: qqqq(String)
2019-05-28 21:38:34,008 DEBUG (BaseJdbcLogger.java:159)- <==      Total: 1
2019-05-28 21:38:37,999 DEBUG (BaseJdbcLogger.java:159)- ==>  Preparing: select * from shipin 
2019-05-28 21:38:38,001 DEBUG (BaseJdbcLogger.java:159)- ==> Parameters: 
2019-05-28 21:38:38,003 DEBUG (BaseJdbcLogger.java:159)- <==      Total: 2
2019-05-28 21:39:00,457 DEBUG (BaseJdbcLogger.java:159)- ==>  Preparing: insert into shipin (shipin_url,username,name) values(?,?,?) 
2019-05-28 21:39:00,463 DEBUG (BaseJdbcLogger.java:159)- ==> Parameters: a593ad9b-79a1-48ff-8965-ed56ca1808e53D动画演示肾结石微创手术.mp4(String), qqqq(String), 肾结石微穿手术(String)
2019-05-28 21:39:00,465 DEBUG (BaseJdbcLogger.java:159)- <==    Updates: 1
2019-05-28 21:39:08,429 DEBUG (BaseJdbcLogger.java:159)- ==>  Preparing: select * from shipin 
2019-05-28 21:39:08,430 DEBUG (BaseJdbcLogger.java:159)- ==> Parameters: 
2019-05-28 21:39:08,436 DEBUG (BaseJdbcLogger.java:159)- <==      Total: 3
2019-05-28 22:12:16,179 DEBUG (BaseJdbcLogger.java:159)- ==>  Preparing: select * from user where username = ? and password = ? 
2019-05-28 22:12:16,180 DEBUG (BaseJdbcLogger.java:159)- ==> Parameters: qqqq(String), 1234(String)
2019-05-28 22:12:16,183 DEBUG (BaseJdbcLogger.java:159)- <==      Total: 1
2019-05-28 22:12:16,618 DEBUG (BaseJdbcLogger.java:159)- ==>  Preparing: select * from user where username = ? 
2019-05-28 22:12:16,619 DEBUG (BaseJdbcLogger.java:159)- ==> Parameters: qqqq(String)
2019-05-28 22:12:16,621 DEBUG (BaseJdbcLogger.java:159)- <==      Total: 1
2019-05-28 22:12:20,782 DEBUG (BaseJdbcLogger.java:159)- ==>  Preparing: select * from shipin 
2019-05-28 22:12:20,787 DEBUG (BaseJdbcLogger.java:159)- ==> Parameters: 
2019-05-28 22:12:20,793 DEBUG (BaseJdbcLogger.java:159)- <==      Total: 3
