2019-05-12 11:06:52,496 INFO (StartupInfoLogger.java:50)- Starting Demo2Application on DESKTOP-HAACL4P with PID 6736 (started by 李亚峰 in D:\做过重要项目压缩包（可以扣代码）\SpringBoot标准后台，增删改查模板)
2019-05-12 11:06:52,668 DEBUG (StartupInfoLogger.java:53)- Running with Spring Boot v2.1.3.RELEASE, Spring v5.1.5.RELEASE
2019-05-12 11:06:52,668 INFO (SpringApplication.java:675)- No active profile set, falling back to default profiles: default
2019-05-12 11:07:08,935 INFO (StartupInfoLogger.java:59)- Started Demo2Application in 18.285 seconds (JVM running for 22.288)
2019-05-12 11:08:13,638 INFO (StartupInfoLogger.java:50)- Starting Demo2Application on DESKTOP-HAACL4P with PID 17060 (D:\demo\sushe\target\classes started by 李亚峰 in D:\demo\sushe)
2019-05-12 11:08:13,638 DEBUG (StartupInfoLogger.java:53)- Running with Spring Boot v2.1.3.RELEASE, Spring v5.1.5.RELEASE
2019-05-12 11:08:13,638 INFO (SpringApplication.java:675)- No active profile set, falling back to default profiles: default
2019-05-12 11:08:25,977 INFO (StartupInfoLogger.java:59)- Started Demo2Application in 13.378 seconds (JVM running for 15.649)
2019-05-12 11:12:19,703 INFO (StartupInfoLogger.java:50)- Starting Demo2Application on DESKTOP-HAACL4P with PID 17060 (D:\demo\sushe\target\classes started by 李亚峰 in D:\demo\sushe)
2019-05-12 11:12:19,703 DEBUG (StartupInfoLogger.java:53)- Running with Spring Boot v2.1.3.RELEASE, Spring v5.1.5.RELEASE
2019-05-12 11:12:19,703 INFO (SpringApplication.java:675)- No active profile set, falling back to default profiles: default
2019-05-12 11:12:23,755 INFO (StartupInfoLogger.java:59)- Started Demo2Application in 4.162 seconds (JVM running for 253.432)
2019-05-12 11:12:38,208 DEBUG (BaseJdbcLogger.java:159)- ==>  Preparing: select * from user where username = ? and password = ? 
2019-05-12 11:12:38,317 DEBUG (BaseJdbcLogger.java:159)- ==> Parameters: admin(String), 123456(String)
2019-05-12 11:12:38,411 DEBUG (BaseJdbcLogger.java:159)- <==      Total: 1
2019-05-12 11:12:38,442 DEBUG (BaseJdbcLogger.java:159)- ==>  Preparing: select * from user where username = ? 
2019-05-12 11:12:38,442 DEBUG (BaseJdbcLogger.java:159)- ==> Parameters: admin(String)
2019-05-12 11:12:38,458 DEBUG (BaseJdbcLogger.java:159)- <==      Total: 1
2019-05-12 11:12:39,984 DEBUG (BaseJdbcLogger.java:159)- ==>  Preparing: select * from auth where role = ? 
2019-05-12 11:12:39,984 DEBUG (BaseJdbcLogger.java:159)- ==> Parameters: 系统管理员(String)
2019-05-12 11:12:40,005 DEBUG (BaseJdbcLogger.java:159)- ==>  Preparing: select * from gonggao 
2019-05-12 11:12:40,005 DEBUG (BaseJdbcLogger.java:159)- ==> Parameters: 
2019-05-12 11:12:40,290 DEBUG (BaseJdbcLogger.java:159)- <==      Total: 0
2019-05-12 11:12:40,290 DEBUG (BaseJdbcLogger.java:159)- <==      Total: 1
2019-05-12 11:13:28,153 INFO (StartupInfoLogger.java:50)- Starting Demo2Application on DESKTOP-HAACL4P with PID 17060 (D:\demo\sushe\target\classes started by 李亚峰 in D:\demo\sushe)
2019-05-12 11:13:28,153 DEBUG (StartupInfoLogger.java:53)- Running with Spring Boot v2.1.3.RELEASE, Spring v5.1.5.RELEASE
2019-05-12 11:13:28,153 INFO (SpringApplication.java:675)- No active profile set, falling back to default profiles: default
2019-05-12 11:13:31,089 INFO (StartupInfoLogger.java:59)- Started Demo2Application in 3.045 seconds (JVM running for 320.752)
2019-05-12 11:13:34,052 INFO (StartupInfoLogger.java:50)- Starting Demo2Application on DESKTOP-HAACL4P with PID 17060 (D:\demo\sushe\target\classes started by 李亚峰 in D:\demo\sushe)
2019-05-12 11:13:34,052 DEBUG (StartupInfoLogger.java:53)- Running with Spring Boot v2.1.3.RELEASE, Spring v5.1.5.RELEASE
2019-05-12 11:13:34,052 INFO (SpringApplication.java:675)- No active profile set, falling back to default profiles: default
2019-05-12 11:13:36,704 INFO (StartupInfoLogger.java:59)- Started Demo2Application in 2.714 seconds (JVM running for 326.377)
2019-05-12 11:14:01,443 INFO (StartupInfoLogger.java:50)- Starting Demo2Application on DESKTOP-HAACL4P with PID 10088 (D:\demo\sushe\target\classes started by 李亚峰 in D:\demo\sushe)
2019-05-12 11:14:01,443 DEBUG (StartupInfoLogger.java:53)- Running with Spring Boot v2.1.3.RELEASE, Spring v5.1.5.RELEASE
2019-05-12 11:14:01,458 INFO (SpringApplication.java:675)- No active profile set, falling back to default profiles: default
2019-05-12 11:14:09,411 INFO (StartupInfoLogger.java:59)- Started Demo2Application in 8.734 seconds (JVM running for 10.058)
2019-05-12 11:14:48,509 DEBUG (BaseJdbcLogger.java:159)- ==>  Preparing: select * from t_sys_user where username = ? and password = ? 
2019-05-12 11:14:48,571 DEBUG (BaseJdbcLogger.java:159)- ==> Parameters: admin(String), 123456(String)
2019-05-12 11:14:52,092 DEBUG (BaseJdbcLogger.java:159)- ==>  Preparing: select * from t_sys_user where username = ? and password = ? 
2019-05-12 11:14:52,092 DEBUG (BaseJdbcLogger.java:159)- ==> Parameters: admin(String), 123456(String)
2019-05-12 11:15:27,779 INFO (StartupInfoLogger.java:50)- Starting Demo2Application on DESKTOP-HAACL4P with PID 10088 (D:\demo\sushe\target\classes started by 李亚峰 in D:\demo\sushe)
2019-05-12 11:15:27,779 DEBUG (StartupInfoLogger.java:53)- Running with Spring Boot v2.1.3.RELEASE, Spring v5.1.5.RELEASE
2019-05-12 11:15:27,795 INFO (SpringApplication.java:675)- No active profile set, falling back to default profiles: default
2019-05-12 11:15:30,350 INFO (StartupInfoLogger.java:59)- Started Demo2Application in 2.696 seconds (JVM running for 90.985)
2019-05-12 11:15:59,906 INFO (StartupInfoLogger.java:50)- Starting Demo2Application on DESKTOP-HAACL4P with PID 10088 (D:\demo\sushe\target\classes started by 李亚峰 in D:\demo\sushe)
2019-05-12 11:15:59,906 DEBUG (StartupInfoLogger.java:53)- Running with Spring Boot v2.1.3.RELEASE, Spring v5.1.5.RELEASE
2019-05-12 11:15:59,906 INFO (SpringApplication.java:675)- No active profile set, falling back to default profiles: default
2019-05-12 11:16:02,508 INFO (StartupInfoLogger.java:59)- Started Demo2Application in 2.665 seconds (JVM running for 123.148)
2019-05-12 11:16:18,259 INFO (StartupInfoLogger.java:50)- Starting Demo2Application on DESKTOP-HAACL4P with PID 10088 (D:\demo\sushe\target\classes started by 李亚峰 in D:\demo\sushe)
2019-05-12 11:16:18,259 DEBUG (StartupInfoLogger.java:53)- Running with Spring Boot v2.1.3.RELEASE, Spring v5.1.5.RELEASE
2019-05-12 11:16:18,259 INFO (SpringApplication.java:675)- No active profile set, falling back to default profiles: default
2019-05-12 11:16:21,733 INFO (StartupInfoLogger.java:59)- Started Demo2Application in 3.568 seconds (JVM running for 142.373)
2019-05-12 11:16:28,043 INFO (StartupInfoLogger.java:50)- Starting Demo2Application on DESKTOP-HAACL4P with PID 10088 (D:\demo\sushe\target\classes started by 李亚峰 in D:\demo\sushe)
2019-05-12 11:16:28,043 DEBUG (StartupInfoLogger.java:53)- Running with Spring Boot v2.1.3.RELEASE, Spring v5.1.5.RELEASE
2019-05-12 11:16:28,043 INFO (SpringApplication.java:675)- No active profile set, falling back to default profiles: default
2019-05-12 11:16:31,497 INFO (StartupInfoLogger.java:59)- Started Demo2Application in 3.547 seconds (JVM running for 152.131)
2019-05-12 11:16:34,899 INFO (StartupInfoLogger.java:50)- Starting Demo2Application on DESKTOP-HAACL4P with PID 10088 (D:\demo\sushe\target\classes started by 李亚峰 in D:\demo\sushe)
2019-05-12 11:16:34,899 DEBUG (StartupInfoLogger.java:53)- Running with Spring Boot v2.1.3.RELEASE, Spring v5.1.5.RELEASE
2019-05-12 11:16:34,899 INFO (SpringApplication.java:675)- No active profile set, falling back to default profiles: default
2019-05-12 11:16:36,498 INFO (StartupInfoLogger.java:59)- Started Demo2Application in 1.646 seconds (JVM running for 157.14)
2019-05-12 11:16:42,710 INFO (StartupInfoLogger.java:50)- Starting Demo2Application on DESKTOP-HAACL4P with PID 10088 (D:\demo\sushe\target\classes started by 李亚峰 in D:\demo\sushe)
2019-05-12 11:16:42,710 DEBUG (StartupInfoLogger.java:53)- Running with Spring Boot v2.1.3.RELEASE, Spring v5.1.5.RELEASE
2019-05-12 11:16:42,710 INFO (SpringApplication.java:675)- No active profile set, falling back to default profiles: default
2019-05-12 11:16:44,297 INFO (StartupInfoLogger.java:59)- Started Demo2Application in 1.649 seconds (JVM running for 164.932)
2019-05-12 11:16:58,392 INFO (StartupInfoLogger.java:50)- Starting Demo2Application on DESKTOP-HAACL4P with PID 10088 (D:\demo\sushe\target\classes started by 李亚峰 in D:\demo\sushe)
2019-05-12 11:16:58,392 DEBUG (StartupInfoLogger.java:53)- Running with Spring Boot v2.1.3.RELEASE, Spring v5.1.5.RELEASE
2019-05-12 11:16:58,392 INFO (SpringApplication.java:675)- No active profile set, falling back to default profiles: default
2019-05-12 11:17:05,048 INFO (StartupInfoLogger.java:50)- Starting Demo2Application on DESKTOP-HAACL4P with PID 10088 (D:\demo\sushe\target\classes started by 李亚峰 in D:\demo\sushe)
2019-05-12 11:17:05,048 DEBUG (StartupInfoLogger.java:53)- Running with Spring Boot v2.1.3.RELEASE, Spring v5.1.5.RELEASE
2019-05-12 11:17:05,048 INFO (SpringApplication.java:675)- No active profile set, falling back to default profiles: default
2019-05-12 11:17:07,108 INFO (StartupInfoLogger.java:59)- Started Demo2Application in 2.167 seconds (JVM running for 187.745)
2019-05-12 11:17:12,787 INFO (StartupInfoLogger.java:50)- Starting Demo2Application on DESKTOP-HAACL4P with PID 10088 (D:\demo\sushe\target\classes started by 李亚峰 in D:\demo\sushe)
2019-05-12 11:17:12,787 DEBUG (StartupInfoLogger.java:53)- Running with Spring Boot v2.1.3.RELEASE, Spring v5.1.5.RELEASE
2019-05-12 11:17:12,787 INFO (SpringApplication.java:675)- No active profile set, falling back to default profiles: default
2019-05-12 11:17:14,979 INFO (StartupInfoLogger.java:59)- Started Demo2Application in 2.348 seconds (JVM running for 195.622)
2019-05-12 11:17:19,763 INFO (StartupInfoLogger.java:50)- Starting Demo2Application on DESKTOP-HAACL4P with PID 10088 (D:\demo\sushe\target\classes started by 李亚峰 in D:\demo\sushe)
2019-05-12 11:17:19,763 DEBUG (StartupInfoLogger.java:53)- Running with Spring Boot v2.1.3.RELEASE, Spring v5.1.5.RELEASE
2019-05-12 11:17:19,763 INFO (SpringApplication.java:675)- No active profile set, falling back to default profiles: default
2019-05-12 11:17:22,265 INFO (StartupInfoLogger.java:59)- Started Demo2Application in 2.568 seconds (JVM running for 202.91)
2019-05-12 11:17:31,491 DEBUG (BaseJdbcLogger.java:159)- ==>  Preparing: select * from t_sys_user where username = ? and password = ? 
2019-05-12 11:17:31,491 DEBUG (BaseJdbcLogger.java:159)- ==> Parameters: admin(String), 123456(String)
2019-05-12 11:17:31,506 DEBUG (BaseJdbcLogger.java:159)- <==      Total: 1
2019-05-12 11:18:02,242 INFO (StartupInfoLogger.java:50)- Starting Demo2Application on DESKTOP-HAACL4P with PID 10088 (D:\demo\sushe\target\classes started by 李亚峰 in D:\demo\sushe)
2019-05-12 11:18:02,242 DEBUG (StartupInfoLogger.java:53)- Running with Spring Boot v2.1.3.RELEASE, Spring v5.1.5.RELEASE
2019-05-12 11:18:02,242 INFO (SpringApplication.java:675)- No active profile set, falling back to default profiles: default
2019-05-12 11:18:04,489 INFO (StartupInfoLogger.java:59)- Started Demo2Application in 2.294 seconds (JVM running for 245.125)
2019-05-12 11:22:05,683 INFO (StartupInfoLogger.java:50)- Starting Demo2Application on DESKTOP-HAACL4P with PID 10088 (D:\demo\sushe\target\classes started by 李亚峰 in D:\demo\sushe)
2019-05-12 11:22:05,683 DEBUG (StartupInfoLogger.java:53)- Running with Spring Boot v2.1.3.RELEASE, Spring v5.1.5.RELEASE
2019-05-12 11:22:05,683 INFO (SpringApplication.java:675)- No active profile set, falling back to default profiles: default
2019-05-12 11:22:07,333 INFO (StartupInfoLogger.java:59)- Started Demo2Application in 1.697 seconds (JVM running for 487.981)
2019-05-12 11:25:20,351 INFO (StartupInfoLogger.java:50)- Starting Demo2Application on DESKTOP-HAACL4P with PID 10408 (D:\demo\sushe\target\classes started by 李亚峰 in D:\demo\sushe)
2019-05-12 11:25:20,351 DEBUG (StartupInfoLogger.java:53)- Running with Spring Boot v2.1.3.RELEASE, Spring v5.1.5.RELEASE
2019-05-12 11:25:20,351 INFO (SpringApplication.java:675)- No active profile set, falling back to default profiles: default
2019-05-12 11:25:31,698 INFO (StartupInfoLogger.java:59)- Started Demo2Application in 12.389 seconds (JVM running for 14.456)
2019-05-12 11:25:32,951 INFO (StartupInfoLogger.java:50)- Starting Demo2Application on DESKTOP-HAACL4P with PID 3064 (D:\demo\sushe\target\classes started by 李亚峰 in D:\demo\sushe)
2019-05-12 11:25:32,951 DEBUG (StartupInfoLogger.java:53)- Running with Spring Boot v2.1.3.RELEASE, Spring v5.1.5.RELEASE
2019-05-12 11:25:32,964 INFO (SpringApplication.java:675)- No active profile set, falling back to default profiles: default
2019-05-12 11:27:04,651 INFO (StartupInfoLogger.java:50)- Starting Demo2Application on DESKTOP-HAACL4P with PID 19768 (D:\demo\sushe\target\classes started by 李亚峰 in D:\demo\sushe)
2019-05-12 11:27:04,651 DEBUG (StartupInfoLogger.java:53)- Running with Spring Boot v2.1.3.RELEASE, Spring v5.1.5.RELEASE
2019-05-12 11:27:04,651 INFO (SpringApplication.java:675)- No active profile set, falling back to default profiles: default
2019-05-12 11:27:11,961 INFO (StartupInfoLogger.java:59)- Started Demo2Application in 7.919 seconds (JVM running for 9.255)
2019-05-12 11:29:02,576 INFO (StartupInfoLogger.java:50)- Starting Demo2Application on DESKTOP-HAACL4P with PID 19768 (D:\demo\sushe\target\classes started by 李亚峰 in D:\demo\sushe)
2019-05-12 11:29:02,576 DEBUG (StartupInfoLogger.java:53)- Running with Spring Boot v2.1.3.RELEASE, Spring v5.1.5.RELEASE
2019-05-12 11:29:02,576 INFO (SpringApplication.java:675)- No active profile set, falling back to default profiles: default
2019-05-12 11:29:05,186 INFO (StartupInfoLogger.java:59)- Started Demo2Application in 2.704 seconds (JVM running for 122.483)
2019-05-12 11:37:46,335 DEBUG (BaseJdbcLogger.java:159)- ==>  Preparing: select * from t_sys_user where username = ? 
2019-05-12 11:37:46,444 DEBUG (BaseJdbcLogger.java:159)- ==> Parameters: null
2019-05-12 11:37:46,616 DEBUG (BaseJdbcLogger.java:159)- <==      Total: 0
2019-05-12 11:37:46,616 DEBUG (BaseJdbcLogger.java:159)- ==>  Preparing: insert into user (username,year_old,xue_no,su_no,ren_img) values(?,?,?,?,?) 
2019-05-12 11:37:46,632 DEBUG (BaseJdbcLogger.java:159)- ==> Parameters: null, 12(Integer), csc(String), 123(String), a489d926-8a0d-49fc-bc2f-7b52c172011bhuojiang.jpg(String)
2019-05-12 11:37:46,913 DEBUG (BaseJdbcLogger.java:159)- <==    Updates: 1
2019-05-12 11:39:15,260 INFO (StartupInfoLogger.java:50)- Starting Demo2Application on DESKTOP-HAACL4P with PID 19768 (D:\demo\sushe\target\classes started by 李亚峰 in D:\demo\sushe)
2019-05-12 11:39:15,260 DEBUG (StartupInfoLogger.java:53)- Running with Spring Boot v2.1.3.RELEASE, Spring v5.1.5.RELEASE
2019-05-12 11:39:15,260 INFO (SpringApplication.java:675)- No active profile set, falling back to default profiles: default
2019-05-12 11:39:20,333 INFO (StartupInfoLogger.java:59)- Started Demo2Application in 5.136 seconds (JVM running for 737.623)
2019-05-12 11:39:43,343 INFO (StartupInfoLogger.java:50)- Starting Demo2Application on DESKTOP-HAACL4P with PID 19768 (D:\demo\sushe\target\classes started by 李亚峰 in D:\demo\sushe)
2019-05-12 11:39:43,343 DEBUG (StartupInfoLogger.java:53)- Running with Spring Boot v2.1.3.RELEASE, Spring v5.1.5.RELEASE
2019-05-12 11:39:43,343 INFO (SpringApplication.java:675)- No active profile set, falling back to default profiles: default
2019-05-12 11:39:46,420 INFO (StartupInfoLogger.java:59)- Started Demo2Application in 3.17 seconds (JVM running for 763.723)
2019-05-12 11:40:23,684 INFO (StartupInfoLogger.java:50)- Starting Demo2Application on DESKTOP-HAACL4P with PID 19768 (D:\demo\sushe\target\classes started by 李亚峰 in D:\demo\sushe)
2019-05-12 11:40:23,684 DEBUG (StartupInfoLogger.java:53)- Running with Spring Boot v2.1.3.RELEASE, Spring v5.1.5.RELEASE
2019-05-12 11:40:23,684 INFO (SpringApplication.java:675)- No active profile set, falling back to default profiles: default
2019-05-12 11:40:26,477 INFO (StartupInfoLogger.java:59)- Started Demo2Application in 2.856 seconds (JVM running for 803.78)
2019-05-12 11:40:32,555 INFO (StartupInfoLogger.java:50)- Starting Demo2Application on DESKTOP-HAACL4P with PID 19768 (D:\demo\sushe\target\classes started by 李亚峰 in D:\demo\sushe)
2019-05-12 11:40:32,555 DEBUG (StartupInfoLogger.java:53)- Running with Spring Boot v2.1.3.RELEASE, Spring v5.1.5.RELEASE
2019-05-12 11:40:32,555 INFO (SpringApplication.java:675)- No active profile set, falling back to default profiles: default
2019-05-12 11:40:35,183 INFO (StartupInfoLogger.java:59)- Started Demo2Application in 2.722 seconds (JVM running for 812.486)
2019-05-12 11:40:41,543 INFO (StartupInfoLogger.java:50)- Starting Demo2Application on DESKTOP-HAACL4P with PID 19768 (D:\demo\sushe\target\classes started by 李亚峰 in D:\demo\sushe)
2019-05-12 11:40:41,543 DEBUG (StartupInfoLogger.java:53)- Running with Spring Boot v2.1.3.RELEASE, Spring v5.1.5.RELEASE
2019-05-12 11:40:41,543 INFO (SpringApplication.java:675)- No active profile set, falling back to default profiles: default
2019-05-12 11:40:43,301 INFO (StartupInfoLogger.java:59)- Started Demo2Application in 1.805 seconds (JVM running for 820.591)
2019-05-12 11:40:49,379 INFO (StartupInfoLogger.java:50)- Starting Demo2Application on DESKTOP-HAACL4P with PID 19768 (D:\demo\sushe\target\classes started by 李亚峰 in D:\demo\sushe)
2019-05-12 11:40:49,379 DEBUG (StartupInfoLogger.java:53)- Running with Spring Boot v2.1.3.RELEASE, Spring v5.1.5.RELEASE
2019-05-12 11:40:49,379 INFO (SpringApplication.java:675)- No active profile set, falling back to default profiles: default
2019-05-12 11:40:51,993 INFO (StartupInfoLogger.java:59)- Started Demo2Application in 2.676 seconds (JVM running for 829.284)
2019-05-12 11:41:12,666 INFO (StartupInfoLogger.java:50)- Starting Demo2Application on DESKTOP-HAACL4P with PID 19768 (D:\demo\sushe\target\classes started by 李亚峰 in D:\demo\sushe)
2019-05-12 11:41:12,666 DEBUG (StartupInfoLogger.java:53)- Running with Spring Boot v2.1.3.RELEASE, Spring v5.1.5.RELEASE
2019-05-12 11:41:12,666 INFO (SpringApplication.java:675)- No active profile set, falling back to default profiles: default
2019-05-12 11:41:21,066 INFO (StartupInfoLogger.java:50)- Starting Demo2Application on DESKTOP-HAACL4P with PID 19768 (D:\demo\sushe\target\classes started by 李亚峰 in D:\demo\sushe)
2019-05-12 11:41:21,066 DEBUG (StartupInfoLogger.java:53)- Running with Spring Boot v2.1.3.RELEASE, Spring v5.1.5.RELEASE
2019-05-12 11:41:21,066 INFO (SpringApplication.java:675)- No active profile set, falling back to default profiles: default
2019-05-12 11:41:22,836 INFO (StartupInfoLogger.java:59)- Started Demo2Application in 1.82 seconds (JVM running for 860.129)
2019-05-12 11:41:53,041 DEBUG (BaseJdbcLogger.java:159)- ==>  Preparing: select * from user where 1=1 
2019-05-12 11:41:53,044 DEBUG (BaseJdbcLogger.java:159)- ==> Parameters: 
2019-05-12 11:41:53,091 DEBUG (BaseJdbcLogger.java:159)- <==      Total: 1
2019-05-12 11:42:39,237 DEBUG (BaseJdbcLogger.java:159)- ==>  Preparing: select * from user where 1=1 
2019-05-12 11:42:39,237 DEBUG (BaseJdbcLogger.java:159)- ==> Parameters: 
2019-05-12 11:42:39,237 DEBUG (BaseJdbcLogger.java:159)- <==      Total: 1
2019-05-12 11:42:59,789 INFO (StartupInfoLogger.java:50)- Starting Demo2Application on DESKTOP-HAACL4P with PID 19768 (D:\demo\sushe\target\classes started by 李亚峰 in D:\demo\sushe)
2019-05-12 11:42:59,789 DEBUG (StartupInfoLogger.java:53)- Running with Spring Boot v2.1.3.RELEASE, Spring v5.1.5.RELEASE
2019-05-12 11:42:59,789 INFO (SpringApplication.java:675)- No active profile set, falling back to default profiles: default
2019-05-12 11:43:02,407 INFO (StartupInfoLogger.java:59)- Started Demo2Application in 2.664 seconds (JVM running for 959.709)
2019-05-12 11:45:09,929 DEBUG (BaseJdbcLogger.java:159)- ==>  Preparing: delete from user where id = ? 
2019-05-12 11:45:09,929 DEBUG (BaseJdbcLogger.java:159)- ==> Parameters: 1(Integer)
2019-05-12 11:45:10,085 DEBUG (BaseJdbcLogger.java:159)- <==    Updates: 1
2019-05-12 11:45:10,147 DEBUG (BaseJdbcLogger.java:159)- ==>  Preparing: select * from user where 1=1 
2019-05-12 11:45:10,147 DEBUG (BaseJdbcLogger.java:159)- ==> Parameters: 
2019-05-12 11:45:10,163 DEBUG (BaseJdbcLogger.java:159)- <==      Total: 0
2019-05-12 11:45:21,910 DEBUG (BaseJdbcLogger.java:159)- ==>  Preparing: select * from t_sys_user where username = ? 
2019-05-12 11:45:21,924 DEBUG (BaseJdbcLogger.java:159)- ==> Parameters: cc(String)
2019-05-12 11:45:21,926 DEBUG (BaseJdbcLogger.java:159)- <==      Total: 0
2019-05-12 11:45:21,926 DEBUG (BaseJdbcLogger.java:159)- ==>  Preparing: insert into user (username,year_old,xue_no,su_no,ren_img) values(?,?,?,?,?) 
2019-05-12 11:45:21,926 DEBUG (BaseJdbcLogger.java:159)- ==> Parameters: cc(String), 12(Integer), cs(String), 121(String), 05c3813c-0509-44b1-90dd-5f5d3121e417(String)
2019-05-12 11:45:21,973 DEBUG (BaseJdbcLogger.java:159)- <==    Updates: 1
2019-05-12 11:45:22,020 DEBUG (BaseJdbcLogger.java:159)- ==>  Preparing: select * from user where 1=1 
2019-05-12 11:45:22,020 DEBUG (BaseJdbcLogger.java:159)- ==> Parameters: 
2019-05-12 11:45:22,020 DEBUG (BaseJdbcLogger.java:159)- <==      Total: 1
2019-05-12 11:45:27,253 DEBUG (BaseJdbcLogger.java:159)- ==>  Preparing: delete from user where id = ? 
2019-05-12 11:45:27,253 DEBUG (BaseJdbcLogger.java:159)- ==> Parameters: 2(Integer)
2019-05-12 11:45:27,293 DEBUG (BaseJdbcLogger.java:159)- <==    Updates: 1
2019-05-12 11:45:27,402 DEBUG (BaseJdbcLogger.java:159)- ==>  Preparing: select * from user where 1=1 
2019-05-12 11:45:27,402 DEBUG (BaseJdbcLogger.java:159)- ==> Parameters: 
2019-05-12 11:45:27,402 DEBUG (BaseJdbcLogger.java:159)- <==      Total: 0
2019-05-12 11:45:39,868 DEBUG (BaseJdbcLogger.java:159)- ==>  Preparing: select * from t_sys_user where username = ? 
2019-05-12 11:45:39,868 DEBUG (BaseJdbcLogger.java:159)- ==> Parameters: cs(String)
2019-05-12 11:45:39,868 DEBUG (BaseJdbcLogger.java:159)- <==      Total: 0
2019-05-12 11:45:39,868 DEBUG (BaseJdbcLogger.java:159)- ==>  Preparing: insert into user (username,year_old,xue_no,su_no,ren_img) values(?,?,?,?,?) 
2019-05-12 11:45:39,868 DEBUG (BaseJdbcLogger.java:159)- ==> Parameters: cs(String), 12(Integer), cs(String), 1245(String), d764dd24-1214-4341-90b6-76f2667b6e79huojiang.jpg(String)
2019-05-12 11:45:39,903 DEBUG (BaseJdbcLogger.java:159)- <==    Updates: 1
2019-05-12 11:45:39,965 DEBUG (BaseJdbcLogger.java:159)- ==>  Preparing: select * from user where 1=1 
2019-05-12 11:45:39,965 DEBUG (BaseJdbcLogger.java:159)- ==> Parameters: 
2019-05-12 11:45:39,965 DEBUG (BaseJdbcLogger.java:159)- <==      Total: 1
2019-05-12 11:46:19,939 INFO (StartupInfoLogger.java:50)- Starting Demo2Application on DESKTOP-HAACL4P with PID 19768 (D:\demo\sushe\target\classes started by 李亚峰 in D:\demo\sushe)
2019-05-12 11:46:19,939 DEBUG (StartupInfoLogger.java:53)- Running with Spring Boot v2.1.3.RELEASE, Spring v5.1.5.RELEASE
2019-05-12 11:46:19,939 INFO (SpringApplication.java:675)- No active profile set, falling back to default profiles: default
2019-05-12 11:46:21,974 INFO (StartupInfoLogger.java:59)- Started Demo2Application in 2.145 seconds (JVM running for 1159.266)
2019-05-12 11:46:26,513 INFO (StartupInfoLogger.java:50)- Starting Demo2Application on DESKTOP-HAACL4P with PID 19768 (D:\demo\sushe\target\classes started by 李亚峰 in D:\demo\sushe)
2019-05-12 11:46:26,513 DEBUG (StartupInfoLogger.java:53)- Running with Spring Boot v2.1.3.RELEASE, Spring v5.1.5.RELEASE
2019-05-12 11:46:26,513 INFO (SpringApplication.java:675)- No active profile set, falling back to default profiles: default
2019-05-12 11:46:28,271 INFO (StartupInfoLogger.java:59)- Started Demo2Application in 1.836 seconds (JVM running for 1165.568)
2019-05-12 11:46:33,298 INFO (StartupInfoLogger.java:50)- Starting Demo2Application on DESKTOP-HAACL4P with PID 19768 (D:\demo\sushe\target\classes started by 李亚峰 in D:\demo\sushe)
2019-05-12 11:46:33,298 DEBUG (StartupInfoLogger.java:53)- Running with Spring Boot v2.1.3.RELEASE, Spring v5.1.5.RELEASE
2019-05-12 11:46:33,298 INFO (SpringApplication.java:675)- No active profile set, falling back to default profiles: default
2019-05-12 11:47:16,489 INFO (StartupInfoLogger.java:50)- Starting Demo2Application on DESKTOP-HAACL4P with PID 13384 (D:\demo\sushe\target\classes started by 李亚峰 in D:\demo\sushe)
2019-05-12 11:47:16,489 DEBUG (StartupInfoLogger.java:53)- Running with Spring Boot v2.1.3.RELEASE, Spring v5.1.5.RELEASE
2019-05-12 11:47:16,496 INFO (SpringApplication.java:675)- No active profile set, falling back to default profiles: default
2019-05-12 11:47:24,854 INFO (StartupInfoLogger.java:59)- Started Demo2Application in 8.989 seconds (JVM running for 10.424)
2019-05-12 12:34:03,350 INFO (StartupInfoLogger.java:50)- Starting Demo2Application on DESKTOP-HAACL4P with PID 13384 (D:\demo\sushe\target\classes started by 李亚峰 in D:\demo\sushe)
2019-05-12 12:34:03,366 DEBUG (StartupInfoLogger.java:53)- Running with Spring Boot v2.1.3.RELEASE, Spring v5.1.5.RELEASE
2019-05-12 12:34:03,366 INFO (SpringApplication.java:675)- No active profile set, falling back to default profiles: default
2019-05-12 12:34:08,649 INFO (StartupInfoLogger.java:59)- Started Demo2Application in 5.53 seconds (JVM running for 2814.22)
2019-05-12 12:34:26,214 INFO (StartupInfoLogger.java:50)- Starting Demo2Application on DESKTOP-HAACL4P with PID 13384 (D:\demo\sushe\target\classes started by 李亚峰 in D:\demo\sushe)
2019-05-12 12:34:26,230 DEBUG (StartupInfoLogger.java:53)- Running with Spring Boot v2.1.3.RELEASE, Spring v5.1.5.RELEASE
2019-05-12 12:34:26,230 INFO (SpringApplication.java:675)- No active profile set, falling back to default profiles: default
2019-05-12 12:34:29,383 INFO (StartupInfoLogger.java:59)- Started Demo2Application in 3.293 seconds (JVM running for 2834.951)
2019-05-12 12:35:44,778 INFO (StartupInfoLogger.java:50)- Starting Demo2Application on DESKTOP-HAACL4P with PID 13384 (D:\demo\sushe\target\classes started by 李亚峰 in D:\demo\sushe)
2019-05-12 12:35:44,778 DEBUG (StartupInfoLogger.java:53)- Running with Spring Boot v2.1.3.RELEASE, Spring v5.1.5.RELEASE
2019-05-12 12:35:44,778 INFO (SpringApplication.java:675)- No active profile set, falling back to default profiles: default
2019-05-12 12:35:47,296 INFO (StartupInfoLogger.java:59)- Started Demo2Application in 2.596 seconds (JVM running for 2912.876)
2019-05-12 12:36:04,876 INFO (StartupInfoLogger.java:50)- Starting Demo2Application on DESKTOP-HAACL4P with PID 13384 (D:\demo\sushe\target\classes started by 李亚峰 in D:\demo\sushe)
2019-05-12 12:36:04,876 DEBUG (StartupInfoLogger.java:53)- Running with Spring Boot v2.1.3.RELEASE, Spring v5.1.5.RELEASE
2019-05-12 12:36:04,876 INFO (SpringApplication.java:675)- No active profile set, falling back to default profiles: default
2019-05-12 12:36:07,046 INFO (StartupInfoLogger.java:59)- Started Demo2Application in 2.233 seconds (JVM running for 2932.621)
2019-05-12 12:36:30,334 INFO (StartupInfoLogger.java:50)- Starting Demo2Application on DESKTOP-HAACL4P with PID 13384 (D:\demo\sushe\target\classes started by 李亚峰 in D:\demo\sushe)
2019-05-12 12:36:30,334 DEBUG (StartupInfoLogger.java:53)- Running with Spring Boot v2.1.3.RELEASE, Spring v5.1.5.RELEASE
2019-05-12 12:36:30,334 INFO (SpringApplication.java:675)- No active profile set, falling back to default profiles: default
2019-05-12 12:36:33,310 INFO (StartupInfoLogger.java:59)- Started Demo2Application in 3.054 seconds (JVM running for 2958.888)
2019-05-12 12:37:08,138 INFO (StartupInfoLogger.java:50)- Starting Demo2Application on DESKTOP-HAACL4P with PID 13384 (D:\demo\sushe\target\classes started by 李亚峰 in D:\demo\sushe)
2019-05-12 12:37:08,138 DEBUG (StartupInfoLogger.java:53)- Running with Spring Boot v2.1.3.RELEASE, Spring v5.1.5.RELEASE
2019-05-12 12:37:08,138 INFO (SpringApplication.java:675)- No active profile set, falling back to default profiles: default
2019-05-12 12:37:09,841 INFO (StartupInfoLogger.java:59)- Started Demo2Application in 1.765 seconds (JVM running for 2995.405)
2019-05-12 12:37:16,134 INFO (StartupInfoLogger.java:50)- Starting Demo2Application on DESKTOP-HAACL4P with PID 13384 (D:\demo\sushe\target\classes started by 李亚峰 in D:\demo\sushe)
2019-05-12 12:37:16,134 DEBUG (StartupInfoLogger.java:53)- Running with Spring Boot v2.1.3.RELEASE, Spring v5.1.5.RELEASE
2019-05-12 12:37:16,134 INFO (SpringApplication.java:675)- No active profile set, falling back to default profiles: default
2019-05-12 12:37:18,434 INFO (StartupInfoLogger.java:59)- Started Demo2Application in 2.362 seconds (JVM running for 3004.009)
2019-05-12 12:43:05,856 INFO (StartupInfoLogger.java:50)- Starting Demo2Application on DESKTOP-HAACL4P with PID 13384 (D:\demo\sushe\target\classes started by 李亚峰 in D:\demo\sushe)
2019-05-12 12:43:05,856 DEBUG (StartupInfoLogger.java:53)- Running with Spring Boot v2.1.3.RELEASE, Spring v5.1.5.RELEASE
2019-05-12 12:43:05,856 INFO (SpringApplication.java:675)- No active profile set, falling back to default profiles: default
2019-05-12 12:43:07,484 INFO (StartupInfoLogger.java:59)- Started Demo2Application in 1.721 seconds (JVM running for 3353.055)
2019-05-12 13:19:08,823 INFO (StartupInfoLogger.java:50)- Starting Demo2Application on DESKTOP-HAACL4P with PID 13384 (D:\demo\sushe\target\classes started by 李亚峰 in D:\demo\sushe)
2019-05-12 13:19:08,963 DEBUG (StartupInfoLogger.java:53)- Running with Spring Boot v2.1.3.RELEASE, Spring v5.1.5.RELEASE
2019-05-12 13:19:08,963 INFO (SpringApplication.java:675)- No active profile set, falling back to default profiles: default
2019-05-12 13:19:16,456 INFO (StartupInfoLogger.java:59)- Started Demo2Application in 9.504 seconds (JVM running for 5522.121)
2019-05-12 13:27:30,426 INFO (StartupInfoLogger.java:50)- Starting Demo2Application on DESKTOP-HAACL4P with PID 13384 (D:\demo\sushe\target\classes started by 李亚峰 in D:\demo\sushe)
2019-05-12 13:27:30,426 DEBUG (StartupInfoLogger.java:53)- Running with Spring Boot v2.1.3.RELEASE, Spring v5.1.5.RELEASE
2019-05-12 13:27:30,426 INFO (SpringApplication.java:675)- No active profile set, falling back to default profiles: default
2019-05-12 13:27:32,169 INFO (StartupInfoLogger.java:59)- Started Demo2Application in 1.821 seconds (JVM running for 6017.839)
2019-05-12 16:14:49,532 DEBUG (BaseJdbcLogger.java:159)- ==>  Preparing: select * from t_sys_user where username = ? and password = ? 
2019-05-12 16:14:49,672 DEBUG (BaseJdbcLogger.java:159)- ==>  Preparing: select * from t_sys_user where username = ? and password = ? 
2019-05-12 16:14:50,469 DEBUG (BaseJdbcLogger.java:159)- ==> Parameters: admin(String), 123456(String)
2019-05-12 16:14:50,469 DEBUG (BaseJdbcLogger.java:159)- ==> Parameters: admin(String), 123456(String)
2019-05-12 16:14:50,723 DEBUG (BaseJdbcLogger.java:159)- <==      Total: 1
2019-05-12 16:14:50,723 DEBUG (BaseJdbcLogger.java:159)- <==      Total: 1
2019-05-12 16:14:57,044 DEBUG (BaseJdbcLogger.java:159)- ==>  Preparing: select * from user where 1=1 
2019-05-12 16:14:57,044 DEBUG (BaseJdbcLogger.java:159)- ==> Parameters: 
2019-05-12 16:14:57,247 DEBUG (BaseJdbcLogger.java:159)- <==      Total: 1
